[ordern] [ctx:  8 align: 0] csize: 508907 (ratio: 0.662), ctime: 106.565458ms (17ns per bit)
[ordern] [ctx:  8 align: 1] csize: 470588 (ratio: 0.612), ctime: 63.298333ms (10ns per bit)
[ordern] [ctx:  8 align: 2] csize: 461984 (ratio: 0.601), ctime: 60.61575ms (10ns per bit)
[ordern] [ctx:  8 align: 3] csize: 444793 (ratio: 0.579), ctime: 57.451ms (9ns per bit)
[ordern] [ctx:  8 align: 4] csize: 458117 (ratio: 0.596), ctime: 57.72275ms (9ns per bit)
-> best: 444793 for [ctx: 8, align: 3]
[ordern] [ctx:  9 align: 0] csize: 473541 (ratio: 0.616), ctime: 64.7675ms (11ns per bit)
[ordern] [ctx:  9 align: 1] csize: 430556 (ratio: 0.560), ctime: 60.202625ms (10ns per bit)
[ordern] [ctx:  9 align: 2] csize: 439248 (ratio: 0.571), ctime: 60.108083ms (10ns per bit)
[ordern] [ctx:  9 align: 3] csize: 415367 (ratio: 0.540), ctime: 56.416042ms (9ns per bit)
[ordern] [ctx:  9 align: 4] csize: 444942 (ratio: 0.579), ctime: 57.269291ms (9ns per bit)
-> best: 415367 for [ctx: 9, align: 3]
[ordern] [ctx: 10 align: 0] csize: 430896 (ratio: 0.560), ctime: 60.900209ms (10ns per bit)
[ordern] [ctx: 10 align: 1] csize: 406348 (ratio: 0.529), ctime: 57.991583ms (9ns per bit)
[ordern] [ctx: 10 align: 2] csize: 418069 (ratio: 0.544), ctime: 59.085125ms (10ns per bit)
[ordern] [ctx: 10 align: 3] csize: 404338 (ratio: 0.526), ctime: 56.469ms (9ns per bit)
[ordern] [ctx: 10 align: 4] csize: 415594 (ratio: 0.541), ctime: 56.442042ms (9ns per bit)
-> best: 404338 for [ctx: 10, align: 3]
[ordern] [ctx: 11 align: 0] csize: 396781 (ratio: 0.516), ctime: 57.665209ms (9ns per bit)
[ordern] [ctx: 11 align: 1] csize: 384586 (ratio: 0.500), ctime: 56.706791ms (9ns per bit)
[ordern] [ctx: 11 align: 2] csize: 397939 (ratio: 0.518), ctime: 57.616167ms (9ns per bit)
[ordern] [ctx: 11 align: 3] csize: 388051 (ratio: 0.505), ctime: 55.930542ms (9ns per bit)
[ordern] [ctx: 11 align: 4] csize: 404669 (ratio: 0.526), ctime: 56.563458ms (9ns per bit)
-> best: 384586 for [ctx: 11, align: 1]
[ordern] [ctx: 12 align: 0] csize: 370391 (ratio: 0.482), ctime: 55.195833ms (9ns per bit)
[ordern] [ctx: 12 align: 1] csize: 360992 (ratio: 0.470), ctime: 54.014208ms (9ns per bit)
[ordern] [ctx: 12 align: 2] csize: 378595 (ratio: 0.492), ctime: 55.700125ms (9ns per bit)
[ordern] [ctx: 12 align: 3] csize: 374241 (ratio: 0.487), ctime: 54.807584ms (9ns per bit)
[ordern] [ctx: 12 align: 4] csize: 388528 (ratio: 0.505), ctime: 55.782583ms (9ns per bit)
-> best: 360992 for [ctx: 12, align: 1]
[ordern] [ctx: 13 align: 0] csize: 352888 (ratio: 0.459), ctime: 53.610083ms (9ns per bit)
[ordern] [ctx: 13 align: 1] csize: 344833 (ratio: 0.449), ctime: 52.673792ms (9ns per bit)
[ordern] [ctx: 13 align: 2] csize: 356739 (ratio: 0.464), ctime: 53.300917ms (9ns per bit)
[ordern] [ctx: 13 align: 3] csize: 358818 (ratio: 0.467), ctime: 53.314833ms (9ns per bit)
[ordern] [ctx: 13 align: 4] csize: 374943 (ratio: 0.488), ctime: 55.121417ms (9ns per bit)
-> best: 344833 for [ctx: 13, align: 1]
[ordern] [ctx: 14 align: 0] csize: 337972 (ratio: 0.440), ctime: 52.283083ms (9ns per bit)
[ordern] [ctx: 14 align: 1] csize: 334145 (ratio: 0.435), ctime: 51.739708ms (8ns per bit)
[ordern] [ctx: 14 align: 2] csize: 342921 (ratio: 0.446), ctime: 52.470875ms (9ns per bit)
[ordern] [ctx: 14 align: 3] csize: 344993 (ratio: 0.449), ctime: 52.419583ms (9ns per bit)
[ordern] [ctx: 14 align: 4] csize: 359832 (ratio: 0.468), ctime: 53.955625ms (9ns per bit)
-> best: 334145 for [ctx: 14, align: 1]
[ordern] [ctx: 15 align: 0] csize: 327175 (ratio: 0.426), ctime: 51.348125ms (8ns per bit)
[ordern] [ctx: 15 align: 1] csize: 324242 (ratio: 0.422), ctime: 50.587083ms (8ns per bit)
[ordern] [ctx: 15 align: 2] csize: 333578 (ratio: 0.434), ctime: 51.444542ms (8ns per bit)
[ordern] [ctx: 15 align: 3] csize: 335510 (ratio: 0.436), ctime: 51.379625ms (8ns per bit)
[ordern] [ctx: 15 align: 4] csize: 346436 (ratio: 0.451), ctime: 52.338625ms (9ns per bit)
-> best: 324242 for [ctx: 15, align: 1]
[ordern] [ctx: 16 align: 0] csize: 313698 (ratio: 0.408), ctime: 50.647292ms (8ns per bit)
[ordern] [ctx: 16 align: 1] csize: 316104 (ratio: 0.411), ctime: 50.571208ms (8ns per bit)
[ordern] [ctx: 16 align: 2] csize: 324041 (ratio: 0.422), ctime: 51.373709ms (8ns per bit)
[ordern] [ctx: 16 align: 3] csize: 328304 (ratio: 0.427), ctime: 51.366625ms (8ns per bit)
[ordern] [ctx: 16 align: 4] csize: 337482 (ratio: 0.439), ctime: 52.432708ms (9ns per bit)
-> best: 313698 for [ctx: 16, align: 0]
[ordern] [ctx: 17 align: 0] csize: 301753 (ratio: 0.393), ctime: 49.41025ms (8ns per bit)
[ordern] [ctx: 17 align: 1] csize: 305318 (ratio: 0.397), ctime: 49.929125ms (8ns per bit)
[ordern] [ctx: 17 align: 2] csize: 316004 (ratio: 0.411), ctime: 50.893584ms (8ns per bit)
[ordern] [ctx: 17 align: 3] csize: 321466 (ratio: 0.418), ctime: 51.334208ms (8ns per bit)
[ordern] [ctx: 17 align: 4] csize: 330863 (ratio: 0.430), ctime: 51.869041ms (8ns per bit)
-> best: 301753 for [ctx: 17, align: 0]
[ordern] [ctx: 18 align: 0] csize: 291328 (ratio: 0.379), ctime: 49.068166ms (8ns per bit)
[ordern] [ctx: 18 align: 1] csize: 296381 (ratio: 0.386), ctime: 49.263208ms (8ns per bit)
[ordern] [ctx: 18 align: 2] csize: 305261 (ratio: 0.397), ctime: 50.159417ms (8ns per bit)
[ordern] [ctx: 18 align: 3] csize: 314107 (ratio: 0.409), ctime: 64.839375ms (11ns per bit)
[ordern] [ctx: 18 align: 4] csize: 324624 (ratio: 0.422), ctime: 52.400125ms (9ns per bit)
-> best: 291328 for [ctx: 18, align: 0]
[ordern] [ctx: 19 align: 0] csize: 286797 (ratio: 0.373), ctime: 49.414959ms (8ns per bit)
[ordern] [ctx: 19 align: 1] csize: 287919 (ratio: 0.375), ctime: 48.831125ms (8ns per bit)
[ordern] [ctx: 19 align: 2] csize: 296347 (ratio: 0.385), ctime: 50.166083ms (8ns per bit)
[ordern] [ctx: 19 align: 3] csize: 303951 (ratio: 0.395), ctime: 51.08025ms (8ns per bit)
[ordern] [ctx: 19 align: 4] csize: 317975 (ratio: 0.414), ctime: 52.7045ms (9ns per bit)
-> best: 286797 for [ctx: 19, align: 0]
[ordern] [ctx: 20 align: 0] csize: 282894 (ratio: 0.368), ctime: 51.690417ms (8ns per bit)
[ordern] [ctx: 20 align: 1] csize: 284630 (ratio: 0.370), ctime: 50.853458ms (8ns per bit)
[ordern] [ctx: 20 align: 2] csize: 287901 (ratio: 0.374), ctime: 50.333292ms (8ns per bit)
[ordern] [ctx: 20 align: 3] csize: 295973 (ratio: 0.385), ctime: 50.477417ms (8ns per bit)
[ordern] [ctx: 20 align: 4] csize: 308699 (ratio: 0.402), ctime: 51.521459ms (8ns per bit)
-> best: 282894 for [ctx: 20, align: 0]
[ordern] [ctx: 21 align: 0] csize: 279919 (ratio: 0.364), ctime: 51.809916ms (8ns per bit)
[ordern] [ctx: 21 align: 1] csize: 281377 (ratio: 0.366), ctime: 51.945292ms (8ns per bit)
[ordern] [ctx: 21 align: 2] csize: 284622 (ratio: 0.370), ctime: 52.338083ms (9ns per bit)
[ordern] [ctx: 21 align: 3] csize: 287653 (ratio: 0.374), ctime: 52.744333ms (9ns per bit)
[ordern] [ctx: 21 align: 4] csize: 301899 (ratio: 0.393), ctime: 53.56075ms (9ns per bit)
-> best: 279919 for [ctx: 21, align: 0]
[ordern] [ctx: 22 align: 0] csize: 276948 (ratio: 0.360), ctime: 54.462583ms (9ns per bit)
[ordern] [ctx: 22 align: 1] csize: 279002 (ratio: 0.363), ctime: 51.988208ms (8ns per bit)
[ordern] [ctx: 22 align: 2] csize: 281373 (ratio: 0.366), ctime: 52.174917ms (8ns per bit)
[ordern] [ctx: 22 align: 3] csize: 284531 (ratio: 0.370), ctime: 52.17375ms (8ns per bit)
[ordern] [ctx: 22 align: 4] csize: 295016 (ratio: 0.384), ctime: 52.8055ms (9ns per bit)
-> best: 276948 for [ctx: 22, align: 0]
[ordern] [ctx: 23 align: 0] csize: 273424 (ratio: 0.356), ctime: 55.646584ms (9ns per bit)
[ordern] [ctx: 23 align: 1] csize: 276397 (ratio: 0.360), ctime: 53.790541ms (9ns per bit)
[ordern] [ctx: 23 align: 2] csize: 279000 (ratio: 0.363), ctime: 54.642833ms (9ns per bit)
[ordern] [ctx: 23 align: 3] csize: 281316 (ratio: 0.366), ctime: 54.4765ms (9ns per bit)
[ordern] [ctx: 23 align: 4] csize: 293563 (ratio: 0.382), ctime: 55.672708ms (9ns per bit)
-> best: 273424 for [ctx: 23, align: 0]
[ordern] [ctx: 24 align: 0] csize: 270054 (ratio: 0.351), ctime: 59.656666ms (10ns per bit)
[ordern] [ctx: 24 align: 1] csize: 273130 (ratio: 0.355), ctime: 54.47025ms (9ns per bit)
[ordern] [ctx: 24 align: 2] csize: 276397 (ratio: 0.360), ctime: 54.25575ms (9ns per bit)
[ordern] [ctx: 24 align: 3] csize: 278989 (ratio: 0.363), ctime: 55.647417ms (9ns per bit)
[ordern] [ctx: 24 align: 4] csize: 292117 (ratio: 0.380), ctime: 56.39625ms (9ns per bit)
-> best: 270054 for [ctx: 24, align: 0]
[ordern] [ctx: 25 align: 0] csize: 270083 (ratio: 0.351), ctime: 63.665084ms (10ns per bit)
[ordern] [ctx: 25 align: 1] csize: 269890 (ratio: 0.351), ctime: 62.13525ms (10ns per bit)
[ordern] [ctx: 25 align: 2] csize: 273129 (ratio: 0.355), ctime: 61.892792ms (10ns per bit)
[ordern] [ctx: 25 align: 3] csize: 276390 (ratio: 0.360), ctime: 62.332792ms (10ns per bit)
[ordern] [ctx: 25 align: 4] csize: 291558 (ratio: 0.379), ctime: 62.744958ms (10ns per bit)
-> best: 269890 for [ctx: 25, align: 1]
[ordern] [ctx: 26 align: 0] csize: 271357 (ratio: 0.353), ctime: 75.6205ms (19ns per bit)
[ordern] [ctx: 26 align: 1] csize: 269983 (ratio: 0.351), ctime: 75.545708ms (12ns per bit)
[ordern] [ctx: 26 align: 2] csize: 269890 (ratio: 0.351), ctime: 75.993917ms (12ns per bit)
[ordern] [ctx: 26 align: 3] csize: 273126 (ratio: 0.355), ctime: 76.122292ms (12ns per bit)
[ordern] [ctx: 26 align: 4] csize: 290720 (ratio: 0.378), ctime: 77.322083ms (13ns per bit)
-> best: 269890 for [ctx: 26, align: 2]
[ordern] [ctx: 27 align: 0] csize: 276170 (ratio: 0.359), ctime: 97.3505ms (16ns per bit)
[ordern] [ctx: 27 align: 1] csize: 271294 (ratio: 0.353), ctime: 98.062334ms (16ns per bit)
[ordern] [ctx: 27 align: 2] csize: 269981 (ratio: 0.351), ctime: 98.112375ms (16ns per bit)
[ordern] [ctx: 27 align: 3] csize: 269887 (ratio: 0.351), ctime: 98.470708ms (16ns per bit)
[ordern] [ctx: 27 align: 4] csize: 289369 (ratio: 0.376), ctime: 99.429166ms (16ns per bit)
-> best: 269887 for [ctx: 27, align: 3]
[ordern] [ctx: 28 align: 0] csize: 280325 (ratio: 0.365), ctime: 175.069292ms (28ns per bit)
[ordern] [ctx: 28 align: 1] csize: 276125 (ratio: 0.359), ctime: 170.041125ms (28ns per bit)
[ordern] [ctx: 28 align: 2] csize: 271294 (ratio: 0.353), ctime: 142.0075ms (23ns per bit)
[ordern] [ctx: 28 align: 3] csize: 269982 (ratio: 0.351), ctime: 140.594625ms (23ns per bit)
[ordern] [ctx: 28 align: 4] csize: 288359 (ratio: 0.375), ctime: 157.170917ms (26ns per bit)
-> best: 269982 for [ctx: 28, align: 3]
[ordern] [ctx: 29 align: 0] csize: 284256 (ratio: 0.370), ctime: 268.542125ms (44ns per bit)
[ordern] [ctx: 29 align: 1] csize: 280294 (ratio: 0.365), ctime: 242.637083ms (39ns per bit)
[ordern] [ctx: 29 align: 2] csize: 276125 (ratio: 0.359), ctime: 234.750708ms (38ns per bit)
[ordern] [ctx: 29 align: 3] csize: 271294 (ratio: 0.353), ctime: 228.746667ms (37ns per bit)
[ordern] [ctx: 29 align: 4] csize: 291094 (ratio: 0.379), ctime: 240.08675ms (39ns per bit)
-> best: 271294 for [ctx: 29, align: 3]
[ordern] [ctx: 30 align: 0] csize: 287290 (ratio: 0.374), ctime: 615.868208ms (100ns per bit)
[ordern] [ctx: 30 align: 1] csize: 284243 (ratio: 0.370), ctime: 589.437375ms (96ns per bit)
[ordern] [ctx: 30 align: 2] csize: 280294 (ratio: 0.365), ctime: 565.716417ms (92ns per bit)
[ordern] [ctx: 30 align: 3] csize: 276125 (ratio: 0.359), ctime: 537.381666ms (87ns per bit)
[ordern] [ctx: 30 align: 4] csize: 295267 (ratio: 0.384), ctime: 545.401875ms (89ns per bit)
-> best: 276125 for [ctx: 30, align: 3]
[ordern] [ctx: 31 align: 0] csize: 291164 (ratio: 0.379), ctime: 1.167221416s (190ns per bit)
[ordern] [ctx: 31 align: 1] csize: 287287 (ratio: 0.374), ctime: 1.1819365s (192ns per bit)
[ordern] [ctx: 31 align: 2] csize: 284243 (ratio: 0.370), ctime: 1.186969625s (193ns per bit)
[ordern] [ctx: 31 align: 3] csize: 280294 (ratio: 0.365), ctime: 1.170921792s (190ns per bit)
[ordern] [ctx: 31 align: 4] csize: 303018 (ratio: 0.394), ctime: 1.178634708s (192ns per bit)
-> best: 280294 for [ctx: 31, align: 3]
[ordern] [ctx: 32 align: 0] csize: 763150 (ratio: 0.993), ctime: 2.204640666s (358ns per bit)
[ordern] [ctx: 32 align: 1] csize: 291164 (ratio: 0.379), ctime: 2.407468959s (391ns per bit)
[ordern] [ctx: 32 align: 2] csize: 287287 (ratio: 0.374), ctime: 2.396257875s (390ns per bit)
[ordern] [ctx: 32 align: 3] csize: 284243 (ratio: 0.370), ctime: 2.421410834s (394ns per bit)
[ordern] [ctx: 32 align: 4] csize: 309942 (ratio: 0.403), ctime: 2.415840958s (393ns per bit)
-> best: 284243 for [ctx: 32, align: 3]
[ordern] [ctx: 33 align: 0] csize: 762835 (ratio: 0.992), ctime: 4.5429785s (739ns per bit)
[ordern] [ctx: 33 align: 1] csize: 760136 (ratio: 0.989), ctime: 4.556036875s (741ns per bit)
[ordern] [ctx: 33 align: 2] csize: 287287 (ratio: 0.374), ctime: 4.752683708s (773ns per bit)
[ordern] [ctx: 33 align: 3] csize: 284243 (ratio: 0.370), ctime: 4.724519625s (768ns per bit)
[ordern] [ctx: 33 align: 4] csize: 309942 (ratio: 0.403), ctime: 4.797194083s (780ns per bit)
-> best: 284243 for [ctx: 33, align: 3]
[ordern] [ctx: 34 align: 0] csize: 749675 (ratio: 0.975), ctime: 9.180505416s (1.493µs per bit)
[ordern] [ctx: 34 align: 1] csize: 742186 (ratio: 0.965), ctime: 9.217267125s (1.499µs per bit)
[ordern] [ctx: 34 align: 2] csize: 669005 (ratio: 0.870), ctime: 8.925060583s (1.451µs per bit)
[ordern] [ctx: 34 align: 3] csize: 284243 (ratio: 0.370), ctime: 9.14236975s (1.487µs per bit)
[ordern] [ctx: 34 align: 4] csize: 309942 (ratio: 0.403), ctime: 9.189197875s (1.494µs per bit)
-> best: 284243 for [ctx: 34, align: 3]
-> gloabl best: 269887 for [ctx: 27, align: 3]
