[ordern] [ctx:  8 align: 0] csize: 7235030 (ratio: 0.724), ctime: 984.832ms (12ns per bit)
[ordern] [ctx:  8 align: 1] csize: 6995108 (ratio: 0.700), ctime: 916.063583ms (11ns per bit)
[ordern] [ctx:  8 align: 2] csize: 6699275 (ratio: 0.670), ctime: 870.366666ms (11ns per bit)
[ordern] [ctx:  8 align: 3] csize: 6476410 (ratio: 0.648), ctime: 824.402125ms (10ns per bit)
[ordern] [ctx:  8 align: 4] csize: 6741661 (ratio: 0.674), ctime: 828.500416ms (10ns per bit)
-> best: 6476410 for [ctx: 8, align: 3]
[ordern] [ctx:  9 align: 0] csize: 6875800 (ratio: 0.688), ctime: 917.379166ms (11ns per bit)
[ordern] [ctx:  9 align: 1] csize: 6318759 (ratio: 0.632), ctime: 902.400542ms (11ns per bit)
[ordern] [ctx:  9 align: 2] csize: 6345152 (ratio: 0.635), ctime: 863.556958ms (11ns per bit)
[ordern] [ctx:  9 align: 3] csize: 6009278 (ratio: 0.601), ctime: 817.263083ms (10ns per bit)
[ordern] [ctx:  9 align: 4] csize: 6478268 (ratio: 0.648), ctime: 861.023708ms (11ns per bit)
-> best: 6009278 for [ctx: 9, align: 3]
[ordern] [ctx: 10 align: 0] csize: 6410251 (ratio: 0.641), ctime: 909.295041ms (11ns per bit)
[ordern] [ctx: 10 align: 1] csize: 6000372 (ratio: 0.600), ctime: 846.275417ms (11ns per bit)
[ordern] [ctx: 10 align: 2] csize: 5926635 (ratio: 0.593), ctime: 829.669417ms (10ns per bit)
[ordern] [ctx: 10 align: 3] csize: 5812716 (ratio: 0.581), ctime: 805.940333ms (10ns per bit)
[ordern] [ctx: 10 align: 4] csize: 6010929 (ratio: 0.601), ctime: 810.20675ms (10ns per bit)
-> best: 5812716 for [ctx: 10, align: 3]
[ordern] [ctx: 11 align: 0] csize: 5995694 (ratio: 0.600), ctime: 858.378625ms (11ns per bit)
[ordern] [ctx: 11 align: 1] csize: 5697693 (ratio: 0.570), ctime: 812.479375ms (10ns per bit)
[ordern] [ctx: 11 align: 2] csize: 5637113 (ratio: 0.564), ctime: 804.4365ms (10ns per bit)
[ordern] [ctx: 11 align: 3] csize: 5491079 (ratio: 0.549), ctime: 809.08075ms (10ns per bit)
[ordern] [ctx: 11 align: 4] csize: 5814473 (ratio: 0.581), ctime: 810.530334ms (10ns per bit)
-> best: 5491079 for [ctx: 11, align: 3]
[ordern] [ctx: 12 align: 0] csize: 5635127 (ratio: 0.564), ctime: 799.485625ms (10ns per bit)
[ordern] [ctx: 12 align: 1] csize: 5379613 (ratio: 0.538), ctime: 775.018375ms (10ns per bit)
[ordern] [ctx: 12 align: 2] csize: 5376278 (ratio: 0.538), ctime: 772.551209ms (10ns per bit)
[ordern] [ctx: 12 align: 3] csize: 5274629 (ratio: 0.527), ctime: 765.101625ms (10ns per bit)
[ordern] [ctx: 12 align: 4] csize: 5493094 (ratio: 0.549), ctime: 786.04ms (10ns per bit)
-> best: 5274629 for [ctx: 12, align: 3]
[ordern] [ctx: 13 align: 0] csize: 5304530 (ratio: 0.530), ctime: 774.648209ms (10ns per bit)
[ordern] [ctx: 13 align: 1] csize: 5114040 (ratio: 0.511), ctime: 746.759417ms (9ns per bit)
[ordern] [ctx: 13 align: 2] csize: 5113856 (ratio: 0.511), ctime: 757.245917ms (9ns per bit)
[ordern] [ctx: 13 align: 3] csize: 5071030 (ratio: 0.507), ctime: 741.884375ms (9ns per bit)
[ordern] [ctx: 13 align: 4] csize: 5277164 (ratio: 0.528), ctime: 758.682125ms (9ns per bit)
-> best: 5071030 for [ctx: 13, align: 3]
[ordern] [ctx: 14 align: 0] csize: 5009144 (ratio: 0.501), ctime: 740.450917ms (9ns per bit)
[ordern] [ctx: 14 align: 1] csize: 4864586 (ratio: 0.486), ctime: 726.026458ms (9ns per bit)
[ordern] [ctx: 14 align: 2] csize: 4892090 (ratio: 0.489), ctime: 726.684375ms (9ns per bit)
[ordern] [ctx: 14 align: 3] csize: 4887067 (ratio: 0.489), ctime: 724.88725ms (9ns per bit)
[ordern] [ctx: 14 align: 4] csize: 5074450 (ratio: 0.507), ctime: 740.506125ms (9ns per bit)
-> best: 4864586 for [ctx: 14, align: 1]
[ordern] [ctx: 15 align: 0] csize: 4777370 (ratio: 0.478), ctime: 716.539417ms (9ns per bit)
[ordern] [ctx: 15 align: 1] csize: 4664996 (ratio: 0.466), ctime: 706.028042ms (9ns per bit)
[ordern] [ctx: 15 align: 2] csize: 4700912 (ratio: 0.470), ctime: 709.373417ms (9ns per bit)
[ordern] [ctx: 15 align: 3] csize: 4720628 (ratio: 0.472), ctime: 712.06675ms (9ns per bit)
[ordern] [ctx: 15 align: 4] csize: 4891768 (ratio: 0.489), ctime: 724.264958ms (9ns per bit)
-> best: 4664996 for [ctx: 15, align: 1]
[ordern] [ctx: 16 align: 0] csize: 4541655 (ratio: 0.454), ctime: 700.521167ms (9ns per bit)
[ordern] [ctx: 16 align: 1] csize: 4493623 (ratio: 0.449), ctime: 697.37725ms (9ns per bit)
[ordern] [ctx: 16 align: 2] csize: 4538990 (ratio: 0.454), ctime: 702.281417ms (9ns per bit)
[ordern] [ctx: 16 align: 3] csize: 4578834 (ratio: 0.458), ctime: 703.463416ms (9ns per bit)
[ordern] [ctx: 16 align: 4] csize: 4727300 (ratio: 0.473), ctime: 712.845583ms (9ns per bit)
-> best: 4493623 for [ctx: 16, align: 1]
[ordern] [ctx: 17 align: 0] csize: 4339374 (ratio: 0.434), ctime: 681.516292ms (9ns per bit)
[ordern] [ctx: 17 align: 1] csize: 4325468 (ratio: 0.433), ctime: 683.839459ms (9ns per bit)
[ordern] [ctx: 17 align: 2] csize: 4404578 (ratio: 0.440), ctime: 693.654375ms (9ns per bit)
[ordern] [ctx: 17 align: 3] csize: 4456585 (ratio: 0.446), ctime: 697.856708ms (9ns per bit)
[ordern] [ctx: 17 align: 4] csize: 4588143 (ratio: 0.459), ctime: 706.066875ms (9ns per bit)
-> best: 4325468 for [ctx: 17, align: 1]
[ordern] [ctx: 18 align: 0] csize: 4160347 (ratio: 0.416), ctime: 667.235667ms (8ns per bit)
[ordern] [ctx: 18 align: 1] csize: 4185121 (ratio: 0.419), ctime: 672.042459ms (8ns per bit)
[ordern] [ctx: 18 align: 2] csize: 4249493 (ratio: 0.425), ctime: 680.422792ms (9ns per bit)
[ordern] [ctx: 18 align: 3] csize: 4341215 (ratio: 0.434), ctime: 690.007917ms (9ns per bit)
[ordern] [ctx: 18 align: 4] csize: 4468889 (ratio: 0.447), ctime: 701.015375ms (9ns per bit)
-> best: 4160347 for [ctx: 18, align: 0]
[ordern] [ctx: 19 align: 0] csize: 4026152 (ratio: 0.403), ctime: 658.743291ms (8ns per bit)
[ordern] [ctx: 19 align: 1] csize: 4042386 (ratio: 0.404), ctime: 662.03125ms (8ns per bit)
[ordern] [ctx: 19 align: 2] csize: 4126923 (ratio: 0.413), ctime: 670.970334ms (8ns per bit)
[ordern] [ctx: 19 align: 3] csize: 4203434 (ratio: 0.420), ctime: 707.641291ms (9ns per bit)
[ordern] [ctx: 19 align: 4] csize: 4357216 (ratio: 0.436), ctime: 693.229167ms (9ns per bit)
-> best: 4026152 for [ctx: 19, align: 0]
[ordern] [ctx: 20 align: 0] csize: 3908386 (ratio: 0.391), ctime: 659.432583ms (8ns per bit)
[ordern] [ctx: 20 align: 1] csize: 3938455 (ratio: 0.394), ctime: 668.569042ms (8ns per bit)
[ordern] [ctx: 20 align: 2] csize: 4000290 (ratio: 0.400), ctime: 679.282083ms (8ns per bit)
[ordern] [ctx: 20 align: 3] csize: 4096593 (ratio: 0.410), ctime: 685.175334ms (9ns per bit)
[ordern] [ctx: 20 align: 4] csize: 4223831 (ratio: 0.422), ctime: 686.081041ms (9ns per bit)
-> best: 3908386 for [ctx: 20, align: 0]
[ordern] [ctx: 21 align: 0] csize: 3817900 (ratio: 0.382), ctime: 663.114ms (8ns per bit)
[ordern] [ctx: 21 align: 1] csize: 3842829 (ratio: 0.384), ctime: 664.490625ms (8ns per bit)
[ordern] [ctx: 21 align: 2] csize: 3912673 (ratio: 0.391), ctime: 667.623875ms (8ns per bit)
[ordern] [ctx: 21 align: 3] csize: 3980184 (ratio: 0.398), ctime: 673.647375ms (8ns per bit)
[ordern] [ctx: 21 align: 4] csize: 4122805 (ratio: 0.412), ctime: 685.612208ms (9ns per bit)
-> best: 3817900 for [ctx: 21, align: 0]
[ordern] [ctx: 22 align: 0] csize: 3720199 (ratio: 0.372), ctime: 676.320333ms (8ns per bit)
[ordern] [ctx: 22 align: 1] csize: 3771366 (ratio: 0.377), ctime: 678.528709ms (8ns per bit)
[ordern] [ctx: 22 align: 2] csize: 3824930 (ratio: 0.382), ctime: 676.43925ms (8ns per bit)
[ordern] [ctx: 22 align: 3] csize: 3900091 (ratio: 0.390), ctime: 707.444333ms (9ns per bit)
[ordern] [ctx: 22 align: 4] csize: 4013436 (ratio: 0.401), ctime: 690.402875ms (9ns per bit)
-> best: 3720199 for [ctx: 22, align: 0]
[ordern] [ctx: 23 align: 0] csize: 3620969 (ratio: 0.362), ctime: 670.924208ms (8ns per bit)
[ordern] [ctx: 23 align: 1] csize: 3685668 (ratio: 0.369), ctime: 676.843083ms (8ns per bit)
[ordern] [ctx: 23 align: 2] csize: 3759754 (ratio: 0.376), ctime: 678.129167ms (8ns per bit)
[ordern] [ctx: 23 align: 3] csize: 3816737 (ratio: 0.382), ctime: 681.997333ms (9ns per bit)
[ordern] [ctx: 23 align: 4] csize: 3941953 (ratio: 0.394), ctime: 691.062125ms (9ns per bit)
-> best: 3620969 for [ctx: 23, align: 0]
[ordern] [ctx: 24 align: 0] csize: 3510454 (ratio: 0.351), ctime: 677.572167ms (8ns per bit)
[ordern] [ctx: 24 align: 1] csize: 3595013 (ratio: 0.360), ctime: 682.491209ms (9ns per bit)
[ordern] [ctx: 24 align: 2] csize: 3678309 (ratio: 0.368), ctime: 700.251292ms (9ns per bit)
[ordern] [ctx: 24 align: 3] csize: 3753687 (ratio: 0.375), ctime: 695.668334ms (9ns per bit)
[ordern] [ctx: 24 align: 4] csize: 3868248 (ratio: 0.387), ctime: 702.630958ms (9ns per bit)
-> best: 3510454 for [ctx: 24, align: 0]
[ordern] [ctx: 25 align: 0] csize: 3435652 (ratio: 0.344), ctime: 711.544291ms (9ns per bit)
[ordern] [ctx: 25 align: 1] csize: 3496181 (ratio: 0.350), ctime: 704.831417ms (9ns per bit)
[ordern] [ctx: 25 align: 2] csize: 3589653 (ratio: 0.359), ctime: 713.274875ms (9ns per bit)
[ordern] [ctx: 25 align: 3] csize: 3674209 (ratio: 0.367), ctime: 719.068833ms (9ns per bit)
[ordern] [ctx: 25 align: 4] csize: 3815523 (ratio: 0.382), ctime: 728.003958ms (9ns per bit)
-> best: 3435652 for [ctx: 25, align: 0]
[ordern] [ctx: 26 align: 0] csize: 3375838 (ratio: 0.338), ctime: 737.191333ms (9ns per bit)
[ordern] [ctx: 26 align: 1] csize: 3425883 (ratio: 0.343), ctime: 742.894125ms (9ns per bit)
[ordern] [ctx: 26 align: 2] csize: 3493071 (ratio: 0.349), ctime: 747.576042ms (9ns per bit)
[ordern] [ctx: 26 align: 3] csize: 3587000 (ratio: 0.359), ctime: 755.503584ms (9ns per bit)
[ordern] [ctx: 26 align: 4] csize: 3746875 (ratio: 0.375), ctime: 766.85225ms (10ns per bit)
-> best: 3375838 for [ctx: 26, align: 0]
[ordern] [ctx: 27 align: 0] csize: 3354736 (ratio: 0.335), ctime: 887.878875ms (11ns per bit)
[ordern] [ctx: 27 align: 1] csize: 3369024 (ratio: 0.337), ctime: 824.972959ms (10ns per bit)
[ordern] [ctx: 27 align: 2] csize: 3424212 (ratio: 0.342), ctime: 802.418875ms (10ns per bit)
[ordern] [ctx: 27 align: 3] csize: 3491090 (ratio: 0.349), ctime: 862.837709ms (11ns per bit)
[ordern] [ctx: 27 align: 4] csize: 3671468 (ratio: 0.367), ctime: 833.505875ms (10ns per bit)
-> best: 3354736 for [ctx: 27, align: 0]
[ordern] [ctx: 28 align: 0] csize: 3330989 (ratio: 0.333), ctime: 959.633416ms (12ns per bit)
[ordern] [ctx: 28 align: 1] csize: 3350203 (ratio: 0.335), ctime: 963.378625ms (12ns per bit)
[ordern] [ctx: 28 align: 2] csize: 3367900 (ratio: 0.337), ctime: 982.244375ms (12ns per bit)
[ordern] [ctx: 28 align: 3] csize: 3423544 (ratio: 0.342), ctime: 916.236875ms (11ns per bit)
[ordern] [ctx: 28 align: 4] csize: 3588857 (ratio: 0.359), ctime: 962.687125ms (12ns per bit)
-> best: 3330989 for [ctx: 28, align: 0]
[ordern] [ctx: 29 align: 0] csize: 3307637 (ratio: 0.331), ctime: 1.303072583s (16ns per bit)
[ordern] [ctx: 29 align: 1] csize: 3328170 (ratio: 0.333), ctime: 1.140176916s (14ns per bit)
[ordern] [ctx: 29 align: 2] csize: 3349376 (ratio: 0.335), ctime: 1.0851435s (14ns per bit)
[ordern] [ctx: 29 align: 3] csize: 3367494 (ratio: 0.337), ctime: 1.080641292s (14ns per bit)
[ordern] [ctx: 29 align: 4] csize: 3537714 (ratio: 0.354), ctime: 1.169419584s (15ns per bit)
-> best: 3307637 for [ctx: 29, align: 0]
[ordern] [ctx: 30 align: 0] csize: 3273290 (ratio: 0.327), ctime: 1.869218208s (23ns per bit)
[ordern] [ctx: 30 align: 1] csize: 3305969 (ratio: 0.331), ctime: 1.751889792s (22ns per bit)
[ordern] [ctx: 30 align: 2] csize: 3327645 (ratio: 0.333), ctime: 1.7714805s (22ns per bit)
[ordern] [ctx: 30 align: 3] csize: 3349136 (ratio: 0.335), ctime: 1.691422791s (21ns per bit)
[ordern] [ctx: 30 align: 4] csize: 3500028 (ratio: 0.350), ctime: 1.63385975s (20ns per bit)
-> best: 3273290 for [ctx: 30, align: 0]
[ordern] [ctx: 31 align: 0] csize: 3245799 (ratio: 0.325), ctime: 2.637334041s (33ns per bit)
[ordern] [ctx: 31 align: 1] csize: 3272198 (ratio: 0.327), ctime: 2.610394792s (33ns per bit)
[ordern] [ctx: 31 align: 2] csize: 3305576 (ratio: 0.331), ctime: 2.501505125s (31ns per bit)
[ordern] [ctx: 31 align: 3] csize: 3327510 (ratio: 0.333), ctime: 2.499990042s (31ns per bit)
[ordern] [ctx: 31 align: 4] csize: 3501766 (ratio: 0.350), ctime: 2.562630458s (32ns per bit)
-> best: 3245799 for [ctx: 31, align: 0]
[ordern] [ctx: 32 align: 0] csize: 9962097 (ratio: 0.996), ctime: 3.028083583s (38ns per bit)
[ordern] [ctx: 32 align: 1] csize: 3245067 (ratio: 0.325), ctime: 4.365720208s (55ns per bit)
[ordern] [ctx: 32 align: 2] csize: 3271986 (ratio: 0.327), ctime: 4.303917042s (54ns per bit)
[ordern] [ctx: 32 align: 3] csize: 3305499 (ratio: 0.331), ctime: 4.330563583s (54ns per bit)
[ordern] [ctx: 32 align: 4] csize: 3499664 (ratio: 0.350), ctime: 4.330746083s (54ns per bit)
-> best: 3245067 for [ctx: 32, align: 1]
[ordern] [ctx: 33 align: 0] csize: 9946848 (ratio: 0.995), ctime: 5.342357583s (67ns per bit)
[ordern] [ctx: 33 align: 1] csize: 9889999 (ratio: 0.989), ctime: 5.345558667s (67ns per bit)
[ordern] [ctx: 33 align: 2] csize: 3271986 (ratio: 0.327), ctime: 6.710239291s (84ns per bit)
[ordern] [ctx: 33 align: 3] csize: 3305499 (ratio: 0.331), ctime: 6.621339333s (83ns per bit)
[ordern] [ctx: 33 align: 4] csize: 3499664 (ratio: 0.350), ctime: 6.595135917s (82ns per bit)
-> best: 3271986 for [ctx: 33, align: 2]
[ordern] [ctx: 34 align: 0] csize: 9778102 (ratio: 0.978), ctime: 10.02643075s (125ns per bit)
[ordern] [ctx: 34 align: 1] csize: 9748212 (ratio: 0.975), ctime: 9.933263s (124ns per bit)
[ordern] [ctx: 34 align: 2] csize: 8977625 (ratio: 0.898), ctime: 9.904517917s (124ns per bit)
[ordern] [ctx: 34 align: 3] csize: 3305499 (ratio: 0.331), ctime: 11.432814875s (143ns per bit)
[ordern] [ctx: 34 align: 4] csize: 3499664 (ratio: 0.350), ctime: 11.291264917s (141ns per bit)
-> best: 3305499 for [ctx: 34, align: 3]
-> global best: 3245067 for [ctx: 32, align: 1]
