[writex] rev_bits > 0 and rev_bits=1
[writex] writing inv bit=1
=> bq push -> (cnt=3, t=0) + bit=1 -> (4, 1)
[writex] dec rev_bits=0
++senc: (3600367066, 3684412113) -> (2905766836, 3073856931), writing -> 1
[writex] writing bit=1
=> bq push -> (cnt=4, t=1) + bit=1 -> (5, 3)
++senc: (2905766836, 3073856931) -> (1516566376, 1852746567), writing -> 0
[writex] writing bit=1
=> bq push -> (cnt=5, t=3) + bit=1 -> (6, 7)
++senc: (1516566376, 1852746567) -> (3033132752, 3705493135), writing -> 1
[writex] writing bit=0
=> bq push -> (cnt=6, t=7) + bit=0 -> (7, 14)
++senc: (3033132752, 3705493135) -> (1771298208, 3116018975), writing -> 1
[writex] writing bit=1
=> bq push -> (cnt=7, t=14) + bit=1 -> (8, 29)
=> bq flush byte=29, (cnt=0, t=0)
Wrote byte to stream: 29
E3
rev_bits=1
--senc: (1771298208, 3116018975) -> (1395112768, 4084554303)
--p=1872, p_bit=1872
enc: (1800183533, 3271331033) -> (1395112768, 4084554303), xmid=1842206056, bit=1

-------------------------------------------------------------------------------------------------
--p=58046, p_bit=58046
enc: (1395112768, 4084554303) -> (1395112768, 3777182521), xmid=3777182521, bit=1

-------------------------------------------------------------------------------------------------
E3
rev_bits=2
--senc: (1395112768, 2542021779) -> (642741888, 2936559911)
--p=31554, p_bit=31554
enc: (1395112768, 3777182521) -> (642741888, 2936559911), xmid=2542021779, bit=1

-------------------------------------------------------------------------------------------------
--p=7864, p_bit=57671
enc: (642741888, 2936559911) -> (917988851, 2936559911), xmid=917988850, bit=0

-------------------------------------------------------------------------------------------------
--p=1456, p_bit=64079
enc: (917988851, 2936559911) -> (962835035, 2936559911), xmid=962835034, bit=0

-------------------------------------------------------------------------------------------------
--p=57974, p_bit=57974
enc: (962835035, 2936559911) -> (962835035, 2708817791), xmid=2708817791, bit=1

-------------------------------------------------------------------------------------------------
E3
rev_bits=3
--senc: (2043657399, 2708817791) -> (1939831150, 3270151935)
--p=40569, p_bit=24966
enc: (962835035, 2708817791) -> (1939831150, 3270151935), xmid=2043657398, bit=0

-------------------------------------------------------------------------------------------------
++senc: (2306797995, 3270151935) -> (318628694, 2245336575), writing -> 1
[writex] writing bit=1
=> bq push -> (cnt=0, t=0) + bit=1 -> (1, 1)
[writex] rev_bits > 0 and rev_bits=3
[writex] writing inv bit=0
=> bq push -> (cnt=1, t=1) + bit=0 -> (2, 2)
[writex] dec rev_bits=2
[writex] rev_bits > 0 and rev_bits=2
[writex] writing inv bit=0
=> bq push -> (cnt=2, t=2) + bit=0 -> (3, 4)
[writex] dec rev_bits=1
[writex] rev_bits > 0 and rev_bits=1
[writex] writing inv bit=0
=> bq push -> (cnt=3, t=4) + bit=0 -> (4, 8)
[writex] dec rev_bits=0
--p=18078, p_bit=47457
enc: (1939831150, 3270151935) -> (318628694, 2245336575), xmid=2306797994, bit=0

-------------------------------------------------------------------------------------------------
--p=15291, p_bit=50244
enc: (318628694, 2245336575) -> (768172307, 2245336575), xmid=768172306, bit=0

-------------------------------------------------------------------------------------------------
++senc: (768172307, 1835000645) -> (1536344614, 3670001291), writing -> 1
[writex] writing bit=0
=> bq push -> (cnt=4, t=8) + bit=0 -> (5, 16)
--p=47331, p_bit=47331
enc: (768172307, 2245336575) -> (1536344614, 3670001291), xmid=1835000645, bit=1

-------------------------------------------------------------------------------------------------
++senc: (2437197279, 3670001291) -> (579427262, 3045035287), writing -> 1
[writex] writing bit=1
=> bq push -> (cnt=5, t=16) + bit=1 -> (6, 33)
--p=27670, p_bit=37865
enc: (1536344614, 3670001291) -> (579427262, 3045035287), xmid=2437197278, bit=0

-------------------------------------------------------------------------------------------------
E3
rev_bits=1
--senc: (1309975002, 3045035287) -> (472466356, 3942586927)
--p=19418, p_bit=46117
enc: (579427262, 3045035287) -> (472466356, 3942586927), xmid=1309975001, bit=0

-------------------------------------------------------------------------------------------------
--p=23026, p_bit=42509
enc: (472466356, 3942586927) -> (1691689322, 3942586927), xmid=1691689321, bit=0

-------------------------------------------------------------------------------------------------
++senc: (3434300891, 3942586927) -> (2573634486, 3590206559), writing -> 1
[writex] writing bit=1
=> bq push -> (cnt=6, t=33) + bit=1 -> (7, 67)
[writex] rev_bits > 0 and rev_bits=1
[writex] writing inv bit=0
=> bq push -> (cnt=7, t=67) + bit=0 -> (8, 134)
=> bq flush byte=134, (cnt=0, t=0)
Wrote byte to stream: 134
[writex] dec rev_bits=0
++senc: (2573634486, 3590206559) -> (852301676, 2885445823), writing -> 1
[writex] writing bit=1
=> bq push -> (cnt=0, t=0) + bit=1 -> (1, 1)
--p=50737, p_bit=14798
enc: (1691689322, 3942586927) -> (852301676, 2885445823), xmid=3434300890, bit=0

-------------------------------------------------------------------------------------------------
++senc: (2292435106, 2885445823) -> (289902916, 1475924351), writing -> 0
[writex] writing bit=1
=> bq push -> (cnt=1, t=1) + bit=1 -> (2, 3)
++senc: (289902916, 1475924351) -> (579805832, 2951848703), writing -> 1
[writex] writing bit=0
=> bq push -> (cnt=2, t=3) + bit=0 -> (3, 6)
--p=46421, p_bit=19114
enc: (852301676, 2885445823) -> (579805832, 2951848703), xmid=2292435105, bit=0

-------------------------------------------------------------------------------------------------
E3
rev_bits=1
--senc: (1674580929, 2951848703) -> (1201678210, 3756213759)
--p=30247, p_bit=35288
enc: (579805832, 2951848703) -> (1201678210, 3756213759), xmid=1674580928, bit=0

-------------------------------------------------------------------------------------------------
--p=64079, p_bit=64079
enc: (1201678210, 3756213759) -> (1201678210, 3699421182), xmid=3699421182, bit=1

-------------------------------------------------------------------------------------------------
--p=1456, p_bit=64079
enc: (1201678210, 3699421182) -> (1257170059, 3699421182), xmid=1257170058, bit=0

-------------------------------------------------------------------------------------------------
--p=64079, p_bit=64079
enc: (1257170059, 3699421182) -> (1257170059, 3645124919), xmid=3645124919, bit=1

-------------------------------------------------------------------------------------------------
--p=1456, p_bit=64079
enc: (1257170059, 3645124919) -> (1310222768, 3645124919), xmid=1310222767, bit=0
flushing... x1=1310222768
ac_io::flush
BitQueue { t: 6, count: 3 }
rev=1
lowx=1310222768
repr = 0b01001110000110000110100110110000
we have 110
need_to_write = 0(1)100
byte = 1100_1100

-- loop
[m] nonempty
[writex] writing bit=0
=> bq push -> (cnt=3, t=6) + bit=0 -> (4, 12)
[writex] rev_bits > 0 and rev_bits=1
[writex] writing inv bit=1
=> bq push -> (cnt=4, t=12) + bit=1 -> (5, 25)
[writex] dec rev_bits=0
lowx<<=1, lowx is now 2620445536
-- endloop
BitQueue { t: 25, count: 5 }
rev=0
lowx=2620445536
-- loop
[m] nonempty
[writex] writing bit=1
=> bq push -> (cnt=5, t=25) + bit=1 -> (6, 51)
lowx<<=1, lowx is now 945923776
-- endloop
BitQueue { t: 51, count: 6 }
rev=0
lowx=945923776
-- loop
[m] nonempty
[writex] writing bit=0
=> bq push -> (cnt=6, t=51) + bit=0 -> (7, 102)
lowx<<=1, lowx is now 1891847552
-- endloop
BitQueue { t: 102, count: 7 }
rev=0
lowx=1891847552
-- loop
[m] nonempty
[writex] writing bit=0
=> bq push -> (cnt=7, t=102) + bit=0 -> (8, 204)
=> bq flush byte=204, (cnt=0, t=0)
Wrote byte to stream: 204
lowx<<=1, lowx is now 3783695104
-- endloop
BitQueue { t: 0, count: 0 }
rev=0
lowx=3783695104
-- loop
[m] ok
Compression took: 9.874724179s
