[readx] bit=0
++dec: (1244932408, 1713528637, 1641573568) -> (2489864816, 3427057275, 3283147136), read -> 0
[readx] bit=0
++dec: (2489864816, 3427057275, 3283147136) -> (684762336, 2559147255, 2271326976), read -> 0
--p=12192, p_bit=12192
dec: (1244932408, 3763790879, 1641573568) -> (684762336, 2559147255, 2271326976), xmid=1713528637, bit=1
=> bq push -> (cnt=5, t=8) + bit=1 -> (6, 17)

-------------------------------------------------------------------------------------------------
[readx] bit=0
++dec: (2194658098, 2559147255, 2271326976) -> (94348900, 823327215, 247686656), read -> 0
[readx] bit=0
++dec: (94348900, 823327215, 247686656) -> (188697800, 1646654431, 495373312), read -> 0
[readx] bit=0
++dec: (188697800, 1646654431, 495373312) -> (377395600, 3293308863, 990746624), read -> 0
--p=52792, p_bit=12743
dec: (684762336, 2559147255, 2271326976) -> (377395600, 3293308863, 990746624), xmid=2194658097, bit=0
=> bq push -> (cnt=6, t=17) + bit=0 -> (7, 34)

-------------------------------------------------------------------------------------------------
[readx] bit=0
++dec: (377395600, 1799757587, 990746624) -> (754791200, 3599515175, 1981493248), read -> 0
--p=31968, p_bit=31968
dec: (377395600, 3293308863, 990746624) -> (754791200, 3599515175, 1981493248), xmid=1799757587, bit=1
=> bq push -> (cnt=7, t=34) + bit=1 -> (8, 69)
=> bq flush byte=69, (cnt=0, t=0)
Wrote byte to stream: 69

-------------------------------------------------------------------------------------------------
--p=1456, p_bit=64079
dec: (754791200, 3599515175, 1981493248) -> (817991855, 3599515175, 1981493248), xmid=817991854, bit=0
=> bq push -> (cnt=0, t=0) + bit=0 -> (1, 0)

-------------------------------------------------------------------------------------------------
--p=44564, p_bit=44564
dec: (817991855, 3599515175, 1981493248) -> (817991855, 2709407340, 1981493248), xmid=2709407340, bit=1
=> bq push -> (cnt=1, t=0) + bit=1 -> (2, 1)

-------------------------------------------------------------------------------------------------
E3
[readx] bit=0
--dec: (1500980556, 2709407340, 1981493248) -> (854477464, 3271331033, 1815502848), read -> 0
--p=23665, p_bit=41870
dec: (817991855, 2709407340, 1981493248) -> (854477464, 3271331033, 1815502848), xmid=1500980555, bit=0
=> bq push -> (cnt=2, t=1) + bit=0 -> (3, 2)

-------------------------------------------------------------------------------------------------
--p=25644, p_bit=39891
dec: (854477464, 3271331033, 1815502848) -> (1800183533, 3271331033, 1815502848), xmid=1800183532, bit=0
=> bq push -> (cnt=3, t=2) + bit=0 -> (4, 4)

-------------------------------------------------------------------------------------------------
[readx] bit=0
++dec: (1800183533, 1842206056, 1815502848) -> (3600367066, 3684412113, 3631005696), read -> 0
[readx] bit=0
++dec: (3600367066, 3684412113, 3631005696) -> (2905766836, 3073856931, 2967044096), read -> 0
[readx] bit=0
++dec: (2905766836, 3073856931, 2967044096) -> (1516566376, 1852746567, 1639120896), read -> 0
[readx] bit=0
++dec: (1516566376, 1852746567, 1639120896) -> (3033132752, 3705493135, 3278241792), read -> 0
[readx] bit=0
++dec: (3033132752, 3705493135, 3278241792) -> (1771298208, 3116018975, 2261516288), read -> 0
E3
[readx] bit=0
--dec: (1771298208, 3116018975, 2261516288) -> (1395112768, 4084554303, 2375548928), read -> 0
--p=1872, p_bit=1872
dec: (1800183533, 3271331033, 1815502848) -> (1395112768, 4084554303, 2375548928), xmid=1842206056, bit=1
=> bq push -> (cnt=4, t=4) + bit=1 -> (5, 9)

-------------------------------------------------------------------------------------------------
--p=58046, p_bit=58046
dec: (1395112768, 4084554303, 2375548928) -> (1395112768, 3777182521, 2375548928), xmid=3777182521, bit=1
=> bq push -> (cnt=5, t=9) + bit=1 -> (6, 19)

-------------------------------------------------------------------------------------------------
E3
[readx] bit=0
--dec: (1395112768, 2542021779, 2375548928) -> (642741888, 2936559911, 2603614208), read -> 0
--p=31554, p_bit=31554
dec: (1395112768, 3777182521, 2375548928) -> (642741888, 2936559911, 2603614208), xmid=2542021779, bit=1
=> bq push -> (cnt=6, t=19) + bit=1 -> (7, 39)

-------------------------------------------------------------------------------------------------
--p=7864, p_bit=57671
dec: (642741888, 2936559911, 2603614208) -> (917988851, 2936559911, 2603614208), xmid=917988850, bit=0
=> bq push -> (cnt=7, t=39) + bit=0 -> (8, 78)
=> bq flush byte=78, (cnt=0, t=0)
Wrote byte to stream: 78

-------------------------------------------------------------------------------------------------
--p=1456, p_bit=64079
dec: (917988851, 2936559911, 2603614208) -> (962835035, 2936559911, 2603614208), xmid=962835034, bit=0
=> bq push -> (cnt=0, t=0) + bit=0 -> (1, 0)

-------------------------------------------------------------------------------------------------
--p=57974, p_bit=57974
dec: (962835035, 2936559911, 2603614208) -> (962835035, 2708817791, 2603614208), xmid=2708817791, bit=1
=> bq push -> (cnt=1, t=0) + bit=1 -> (2, 1)

-------------------------------------------------------------------------------------------------
E3
[readx] bit=0
--dec: (2043657399, 2708817791, 2603614208) -> (1939831150, 3270151935, 3059744768), read -> 0
--p=40569, p_bit=24966
dec: (962835035, 2708817791, 2603614208) -> (1939831150, 3270151935, 3059744768), xmid=2043657398, bit=0
=> bq push -> (cnt=2, t=1) + bit=0 -> (3, 2)

-------------------------------------------------------------------------------------------------
[readx] bit=0
++dec: (2306797995, 3270151935, 3059744768) -> (318628694, 2245336575, 1824522240), read -> 0
--p=18078, p_bit=47457
dec: (1939831150, 3270151935, 3059744768) -> (318628694, 2245336575, 1824522240), xmid=2306797994, bit=0
=> bq push -> (cnt=3, t=2) + bit=0 -> (4, 4)

-------------------------------------------------------------------------------------------------
--p=15291, p_bit=50244
dec: (318628694, 2245336575, 1824522240) -> (768172307, 2245336575, 1824522240), xmid=768172306, bit=0
=> bq push -> (cnt=4, t=4) + bit=0 -> (5, 8)

-------------------------------------------------------------------------------------------------
[readx] bit=0
++dec: (768172307, 1835000645, 1824522240) -> (1536344614, 3670001291, 3649044480), read -> 0
--p=47331, p_bit=47331
dec: (768172307, 2245336575, 1824522240) -> (1536344614, 3670001291, 3649044480), xmid=1835000645, bit=1
=> bq push -> (cnt=5, t=8) + bit=1 -> (6, 17)

-------------------------------------------------------------------------------------------------
[readx] bit=0
++dec: (2437197279, 3670001291, 3649044480) -> (579427262, 3045035287, 3003121664), read -> 0
--p=27670, p_bit=37865
dec: (1536344614, 3670001291, 3649044480) -> (579427262, 3045035287, 3003121664), xmid=2437197278, bit=0
=> bq push -> (cnt=6, t=17) + bit=0 -> (7, 34)

-------------------------------------------------------------------------------------------------
E3
[readx] bit=0
--dec: (1309975002, 3045035287, 3003121664) -> (472466356, 3942586927, 3858759680), read -> 0
--p=19418, p_bit=46117
dec: (579427262, 3045035287, 3003121664) -> (472466356, 3942586927, 3858759680), xmid=1309975001, bit=0
=> bq push -> (cnt=7, t=34) + bit=0 -> (8, 68)
=> bq flush byte=68, (cnt=0, t=0)
Wrote byte to stream: 68

-------------------------------------------------------------------------------------------------
--p=23026, p_bit=42509
dec: (472466356, 3942586927, 3858759680) -> (1691689322, 3942586927, 3858759680), xmid=1691689321, bit=0
=> bq push -> (cnt=0, t=0) + bit=0 -> (1, 0)

-------------------------------------------------------------------------------------------------
[readx] bit=0
++dec: (3434300891, 3942586927, 3858759680) -> (2573634486, 3590206559, 3422552064), read -> 0
[readx] bit=0
++dec: (2573634486, 3590206559, 3422552064) -> (852301676, 2885445823, 2550136832), read -> 0
--p=50737, p_bit=14798
dec: (1691689322, 3942586927, 3858759680) -> (852301676, 2885445823, 2550136832), xmid=3434300890, bit=0
=> bq push -> (cnt=1, t=0) + bit=0 -> (2, 0)

-------------------------------------------------------------------------------------------------
[readx] bit=0
++dec: (2292435106, 2885445823, 2550136832) -> (289902916, 1475924351, 805306368), read -> 0
[readx] bit=0
++dec: (289902916, 1475924351, 805306368) -> (579805832, 2951848703, 1610612736), read -> 0
--p=46421, p_bit=19114
dec: (852301676, 2885445823, 2550136832) -> (579805832, 2951848703, 1610612736), xmid=2292435105, bit=0
=> bq push -> (cnt=2, t=0) + bit=0 -> (3, 0)

-------------------------------------------------------------------------------------------------
[readx] bit=0
++dec: (579805832, 1674580928, 1610612736) -> (1159611664, 3349161857, 3221225472), read -> 0
--p=30247, p_bit=30247
dec: (579805832, 2951848703, 1610612736) -> (1159611664, 3349161857, 3221225472), xmid=1674580928, bit=1
=> bq push -> (cnt=3, t=0) + bit=1 -> (4, 1)

-------------------------------------------------------------------------------------------------
--p=1456, p_bit=64079
dec: (1159611664, 3349161857, 3221225472) -> (1208256456, 3349161857, 3221225472), xmid=1208256455, bit=0
=> bq push -> (cnt=4, t=1) + bit=0 -> (5, 2)

-------------------------------------------------------------------------------------------------
[readx] bit=0
++dec: (2813935507, 3349161857, 3221225472) -> (1332903718, 2403356419, 2147483648), read -> 0
E3
[readx] bit=0
--dec: (1332903718, 2403356419, 2147483648) -> (518323788, 2659229191, 2147483648), read -> 0
--p=49152, p_bit=16383
dec: (1208256456, 3349161857, 3221225472) -> (518323788, 2659229191, 2147483648), xmid=2813935506, bit=0
=> bq push -> (cnt=5, t=2) + bit=0 -> (6, 4)

-------------------------------------------------------------------------------------------------
--p=63855, p_bit=63855
dec: (518323788, 2659229191, 2147483648) -> (518323788, 2604314915, 2147483648), xmid=2604314915, bit=1
=> bq push -> (cnt=6, t=4) + bit=1 -> (7, 9)

-------------------------------------------------------------------------------------------------
--p=1456, p_bit=64079
dec: (518323788, 2604314915, 2147483648) -> (564667830, 2604314915, 2147483648), xmid=564667829, bit=0
=> bq push -> (cnt=7, t=9) + bit=0 -> (8, 18)
=> bq flush byte=18, (cnt=0, t=0)
Wrote byte to stream: 18
Decompression took: 11.174542911s
