[ac-over-huff] [hsize:  8 ctx:  8 align: 0] csize: 6717877 (ratio: 0.672), ctime: 907.256708ms (11ns per bit)
[ac-over-huff] [hsize:  8 ctx:  9 align: 0] csize: 6483549 (ratio: 0.648), ctime: 864.137916ms (11ns per bit)
[ac-over-huff] [hsize:  8 ctx: 10 align: 0] csize: 6249423 (ratio: 0.625), ctime: 854.360875ms (11ns per bit)
[ac-over-huff] [hsize:  8 ctx: 11 align: 0] csize: 6002244 (ratio: 0.600), ctime: 833.02925ms (10ns per bit)
[ac-over-huff] [hsize:  8 ctx: 12 align: 0] csize: 5729311 (ratio: 0.573), ctime: 803.346542ms (10ns per bit)
[ac-over-huff] [hsize:  8 ctx: 13 align: 0] csize: 5454614 (ratio: 0.545), ctime: 773.822708ms (10ns per bit)
[ac-over-huff] [hsize:  8 ctx: 14 align: 0] csize: 5180928 (ratio: 0.518), ctime: 745.135125ms (9ns per bit)
[ac-over-huff] [hsize:  8 ctx: 15 align: 0] csize: 4891817 (ratio: 0.489), ctime: 714.48875ms (9ns per bit)
[ac-over-huff] [hsize:  8 ctx: 16 align: 0] csize: 4615977 (ratio: 0.462), ctime: 690.829833ms (9ns per bit)
[ac-over-huff] [hsize:  8 ctx: 17 align: 0] csize: 4355391 (ratio: 0.436), ctime: 668.842292ms (8ns per bit)
[ac-over-huff] [hsize:  8 ctx: 18 align: 0] csize: 4121087 (ratio: 0.412), ctime: 648.783167ms (8ns per bit)
[ac-over-huff] [hsize:  8 ctx: 19 align: 0] csize: 3895481 (ratio: 0.390), ctime: 629.208583ms (8ns per bit)
[ac-over-huff] [hsize:  8 ctx: 20 align: 0] csize: 3701883 (ratio: 0.370), ctime: 618.588917ms (8ns per bit)
[ac-over-huff] [hsize:  8 ctx: 21 align: 0] csize: 3544590 (ratio: 0.354), ctime: 614.2635ms (8ns per bit)
[ac-over-huff] [hsize:  8 ctx: 22 align: 0] csize: 3406832 (ratio: 0.341), ctime: 619.678625ms (8ns per bit)
[ac-over-huff] [hsize:  8 ctx: 23 align: 0] csize: 3296908 (ratio: 0.330), ctime: 641.586083ms (8ns per bit)
[ac-over-huff] [hsize:  8 ctx: 24 align: 0] csize: 3212970 (ratio: 0.321), ctime: 684.062458ms (9ns per bit)
[ac-over-huff] [hsize:  8 ctx: 25 align: 0] csize: 3155299 (ratio: 0.316), ctime: 743.376916ms (9ns per bit)
[ac-over-huff] [hsize:  8 ctx: 26 align: 0] csize: 3119773 (ratio: 0.312), ctime: 832.01825ms (10ns per bit)
-> best: 3119773 for [hsize: 8] when [ctx: 26, align: 0]
[ac-over-huff] [hsize:  9 ctx:  8 align: 0] csize: 6341344 (ratio: 0.634), ctime: 797.317833ms (10ns per bit)
[ac-over-huff] [hsize:  9 ctx:  9 align: 0] csize: 6172107 (ratio: 0.617), ctime: 801.063459ms (10ns per bit)
[ac-over-huff] [hsize:  9 ctx: 10 align: 0] csize: 5968377 (ratio: 0.597), ctime: 798.452459ms (10ns per bit)
[ac-over-huff] [hsize:  9 ctx: 11 align: 0] csize: 5722924 (ratio: 0.572), ctime: 784.56375ms (10ns per bit)
[ac-over-huff] [hsize:  9 ctx: 12 align: 0] csize: 5462426 (ratio: 0.546), ctime: 761.921709ms (10ns per bit)
[ac-over-huff] [hsize:  9 ctx: 13 align: 0] csize: 5169539 (ratio: 0.517), ctime: 729.931667ms (9ns per bit)
[ac-over-huff] [hsize:  9 ctx: 14 align: 0] csize: 4868117 (ratio: 0.487), ctime: 693.385542ms (9ns per bit)
[ac-over-huff] [hsize:  9 ctx: 15 align: 0] csize: 4574269 (ratio: 0.457), ctime: 658.233667ms (8ns per bit)
[ac-over-huff] [hsize:  9 ctx: 16 align: 0] csize: 4294504 (ratio: 0.429), ctime: 634.886166ms (8ns per bit)
[ac-over-huff] [hsize:  9 ctx: 17 align: 0] csize: 4020222 (ratio: 0.402), ctime: 609.433917ms (8ns per bit)
[ac-over-huff] [hsize:  9 ctx: 18 align: 0] csize: 3766989 (ratio: 0.377), ctime: 586.648792ms (7ns per bit)
[ac-over-huff] [hsize:  9 ctx: 19 align: 0] csize: 3544962 (ratio: 0.354), ctime: 567.112292ms (7ns per bit)
[ac-over-huff] [hsize:  9 ctx: 20 align: 0] csize: 3360156 (ratio: 0.336), ctime: 556.982417ms (7ns per bit)
[ac-over-huff] [hsize:  9 ctx: 21 align: 0] csize: 3213981 (ratio: 0.321), ctime: 553.33475ms (7ns per bit)
[ac-over-huff] [hsize:  9 ctx: 22 align: 0] csize: 3107629 (ratio: 0.311), ctime: 570.509667ms (7ns per bit)
[ac-over-huff] [hsize:  9 ctx: 23 align: 0] csize: 3037608 (ratio: 0.304), ctime: 620.721083ms (8ns per bit)
[ac-over-huff] [hsize:  9 ctx: 24 align: 0] csize: 3001364 (ratio: 0.300), ctime: 684.822333ms (9ns per bit)
[ac-over-huff] [hsize:  9 ctx: 25 align: 0] csize: 2992740 (ratio: 0.299), ctime: 780.106333ms (10ns per bit)
[ac-over-huff] [hsize:  9 ctx: 26 align: 0] csize: 3005656 (ratio: 0.301), ctime: 880.718917ms (11ns per bit)
-> best: 2992740 for [hsize: 9] when [ctx: 25, align: 0]
[ac-over-huff] [hsize: 10 ctx:  8 align: 0] csize: 6221115 (ratio: 0.622), ctime: 775.255792ms (10ns per bit)
[ac-over-huff] [hsize: 10 ctx:  9 align: 0] csize: 6064892 (ratio: 0.606), ctime: 782.451ms (10ns per bit)
[ac-over-huff] [hsize: 10 ctx: 10 align: 0] csize: 5878149 (ratio: 0.588), ctime: 783.098583ms (10ns per bit)
[ac-over-huff] [hsize: 10 ctx: 11 align: 0] csize: 5651382 (ratio: 0.565), ctime: 772.880333ms (10ns per bit)
[ac-over-huff] [hsize: 10 ctx: 12 align: 0] csize: 5413192 (ratio: 0.541), ctime: 753.835125ms (9ns per bit)
[ac-over-huff] [hsize: 10 ctx: 13 align: 0] csize: 5139116 (ratio: 0.514), ctime: 724.501625ms (9ns per bit)
[ac-over-huff] [hsize: 10 ctx: 14 align: 0] csize: 4847452 (ratio: 0.485), ctime: 688.507209ms (9ns per bit)
[ac-over-huff] [hsize: 10 ctx: 15 align: 0] csize: 4544975 (ratio: 0.454), ctime: 652.685375ms (8ns per bit)
[ac-over-huff] [hsize: 10 ctx: 16 align: 0] csize: 4238147 (ratio: 0.424), ctime: 624.569333ms (8ns per bit)
[ac-over-huff] [hsize: 10 ctx: 17 align: 0] csize: 3941486 (ratio: 0.394), ctime: 596.859292ms (7ns per bit)
[ac-over-huff] [hsize: 10 ctx: 18 align: 0] csize: 3674023 (ratio: 0.367), ctime: 572.429209ms (7ns per bit)
[ac-over-huff] [hsize: 10 ctx: 19 align: 0] csize: 3450996 (ratio: 0.345), ctime: 552.864958ms (7ns per bit)
[ac-over-huff] [hsize: 10 ctx: 20 align: 0] csize: 3271060 (ratio: 0.327), ctime: 543.480584ms (7ns per bit)
[ac-over-huff] [hsize: 10 ctx: 21 align: 0] csize: 3132645 (ratio: 0.313), ctime: 581.622833ms (7ns per bit)
[ac-over-huff] [hsize: 10 ctx: 22 align: 0] csize: 3037567 (ratio: 0.304), ctime: 578.185834ms (7ns per bit)
[ac-over-huff] [hsize: 10 ctx: 23 align: 0] csize: 2982350 (ratio: 0.298), ctime: 630.181208ms (8ns per bit)
[ac-over-huff] [hsize: 10 ctx: 24 align: 0] csize: 2961459 (ratio: 0.296), ctime: 700.140333ms (9ns per bit)
[ac-over-huff] [hsize: 10 ctx: 25 align: 0] csize: 2965748 (ratio: 0.297), ctime: 790.580875ms (10ns per bit)
[ac-over-huff] [hsize: 10 ctx: 26 align: 0] csize: 2991822 (ratio: 0.299), ctime: 858.073958ms (11ns per bit)
-> best: 2961459 for [hsize: 10] when [ctx: 24, align: 0]
[ac-over-huff] [hsize: 11 ctx:  8 align: 0] csize: 6151763 (ratio: 0.615), ctime: 766.532416ms (10ns per bit)
[ac-over-huff] [hsize: 11 ctx:  9 align: 0] csize: 6019116 (ratio: 0.602), ctime: 770.733667ms (10ns per bit)
[ac-over-huff] [hsize: 11 ctx: 10 align: 0] csize: 5847603 (ratio: 0.585), ctime: 771.428083ms (10ns per bit)
[ac-over-huff] [hsize: 11 ctx: 11 align: 0] csize: 5591607 (ratio: 0.559), ctime: 763.558334ms (10ns per bit)
[ac-over-huff] [hsize: 11 ctx: 12 align: 0] csize: 5344584 (ratio: 0.534), ctime: 745.236292ms (9ns per bit)
[ac-over-huff] [hsize: 11 ctx: 13 align: 0] csize: 5056808 (ratio: 0.506), ctime: 713.393458ms (9ns per bit)
[ac-over-huff] [hsize: 11 ctx: 14 align: 0] csize: 4760892 (ratio: 0.476), ctime: 678.876ms (8ns per bit)
[ac-over-huff] [hsize: 11 ctx: 15 align: 0] csize: 4445059 (ratio: 0.445), ctime: 643.990334ms (8ns per bit)
[ac-over-huff] [hsize: 11 ctx: 16 align: 0] csize: 4144122 (ratio: 0.414), ctime: 613.550667ms (8ns per bit)
[ac-over-huff] [hsize: 11 ctx: 17 align: 0] csize: 3853564 (ratio: 0.385), ctime: 586.398916ms (7ns per bit)
[ac-over-huff] [hsize: 11 ctx: 18 align: 0] csize: 3592407 (ratio: 0.359), ctime: 563.007542ms (7ns per bit)
[ac-over-huff] [hsize: 11 ctx: 19 align: 0] csize: 3373882 (ratio: 0.337), ctime: 545.430708ms (7ns per bit)
[ac-over-huff] [hsize: 11 ctx: 20 align: 0] csize: 3200230 (ratio: 0.320), ctime: 535.822375ms (7ns per bit)
[ac-over-huff] [hsize: 11 ctx: 21 align: 0] csize: 3075178 (ratio: 0.308), ctime: 534.80225ms (7ns per bit)
[ac-over-huff] [hsize: 11 ctx: 22 align: 0] csize: 2991020 (ratio: 0.299), ctime: 561.155583ms (7ns per bit)
[ac-over-huff] [hsize: 11 ctx: 23 align: 0] csize: 2943242 (ratio: 0.294), ctime: 622.065833ms (8ns per bit)
[ac-over-huff] [hsize: 11 ctx: 24 align: 0] csize: 2927069 (ratio: 0.293), ctime: 690.992916ms (9ns per bit)
[ac-over-huff] [hsize: 11 ctx: 25 align: 0] csize: 2936680 (ratio: 0.294), ctime: 766.75725ms (10ns per bit)
[ac-over-huff] [hsize: 11 ctx: 26 align: 0] csize: 2965754 (ratio: 0.297), ctime: 847.447209ms (11ns per bit)
-> best: 2927069 for [hsize: 11] when [ctx: 24, align: 0]
[ac-over-huff] [hsize: 12 ctx:  8 align: 0] csize: 6130474 (ratio: 0.613), ctime: 760.0255ms (10ns per bit)
[ac-over-huff] [hsize: 12 ctx:  9 align: 0] csize: 5998226 (ratio: 0.600), ctime: 766.072833ms (10ns per bit)
[ac-over-huff] [hsize: 12 ctx: 10 align: 0] csize: 5822204 (ratio: 0.582), ctime: 764.999125ms (10ns per bit)
[ac-over-huff] [hsize: 12 ctx: 11 align: 0] csize: 5603464 (ratio: 0.560), ctime: 761.858959ms (10ns per bit)
[ac-over-huff] [hsize: 12 ctx: 12 align: 0] csize: 5346155 (ratio: 0.535), ctime: 743.936334ms (9ns per bit)
[ac-over-huff] [hsize: 12 ctx: 13 align: 0] csize: 5038494 (ratio: 0.504), ctime: 710.648666ms (9ns per bit)
[ac-over-huff] [hsize: 12 ctx: 14 align: 0] csize: 4727205 (ratio: 0.473), ctime: 673.311583ms (8ns per bit)
[ac-over-huff] [hsize: 12 ctx: 15 align: 0] csize: 4422690 (ratio: 0.442), ctime: 638.23125ms (8ns per bit)
[ac-over-huff] [hsize: 12 ctx: 16 align: 0] csize: 4113116 (ratio: 0.411), ctime: 608.787167ms (8ns per bit)
[ac-over-huff] [hsize: 12 ctx: 17 align: 0] csize: 3831425 (ratio: 0.383), ctime: 582.6995ms (7ns per bit)
[ac-over-huff] [hsize: 12 ctx: 18 align: 0] csize: 3577550 (ratio: 0.358), ctime: 560.490667ms (7ns per bit)
[ac-over-huff] [hsize: 12 ctx: 19 align: 0] csize: 3364160 (ratio: 0.336), ctime: 542.44475ms (7ns per bit)
[ac-over-huff] [hsize: 12 ctx: 20 align: 0] csize: 3194318 (ratio: 0.319), ctime: 533.552166ms (7ns per bit)
[ac-over-huff] [hsize: 12 ctx: 21 align: 0] csize: 3067801 (ratio: 0.307), ctime: 532.446334ms (7ns per bit)
[ac-over-huff] [hsize: 12 ctx: 22 align: 0] csize: 2986624 (ratio: 0.299), ctime: 562.280958ms (7ns per bit)
[ac-over-huff] [hsize: 12 ctx: 23 align: 0] csize: 2941274 (ratio: 0.294), ctime: 620.537542ms (8ns per bit)
[ac-over-huff] [hsize: 12 ctx: 24 align: 0] csize: 2926110 (ratio: 0.293), ctime: 695.867833ms (9ns per bit)
[ac-over-huff] [hsize: 12 ctx: 25 align: 0] csize: 2936092 (ratio: 0.294), ctime: 771.900667ms (10ns per bit)
[ac-over-huff] [hsize: 12 ctx: 26 align: 0] csize: 2966171 (ratio: 0.297), ctime: 848.077958ms (11ns per bit)
-> best: 2926110 for [hsize: 12] when [ctx: 24, align: 0]
[ac-over-huff] [hsize: 13 ctx:  8 align: 0] csize: 6081580 (ratio: 0.608), ctime: 761.208375ms (10ns per bit)
[ac-over-huff] [hsize: 13 ctx:  9 align: 0] csize: 5934073 (ratio: 0.593), ctime: 767.226292ms (10ns per bit)
[ac-over-huff] [hsize: 13 ctx: 10 align: 0] csize: 5773597 (ratio: 0.577), ctime: 765.031042ms (10ns per bit)
[ac-over-huff] [hsize: 13 ctx: 11 align: 0] csize: 5549241 (ratio: 0.555), ctime: 757.479416ms (9ns per bit)
[ac-over-huff] [hsize: 13 ctx: 12 align: 0] csize: 5286254 (ratio: 0.529), ctime: 737.106333ms (9ns per bit)
[ac-over-huff] [hsize: 13 ctx: 13 align: 0] csize: 5011482 (ratio: 0.501), ctime: 708.535167ms (9ns per bit)
[ac-over-huff] [hsize: 13 ctx: 14 align: 0] csize: 4711385 (ratio: 0.471), ctime: 671.811625ms (8ns per bit)
[ac-over-huff] [hsize: 13 ctx: 15 align: 0] csize: 4398731 (ratio: 0.440), ctime: 635.014917ms (8ns per bit)
[ac-over-huff] [hsize: 13 ctx: 16 align: 0] csize: 4104028 (ratio: 0.410), ctime: 613.147917ms (8ns per bit)
[ac-over-huff] [hsize: 13 ctx: 17 align: 0] csize: 3825306 (ratio: 0.383), ctime: 589.748542ms (7ns per bit)
[ac-over-huff] [hsize: 13 ctx: 18 align: 0] csize: 3577888 (ratio: 0.358), ctime: 560.400666ms (7ns per bit)
[ac-over-huff] [hsize: 13 ctx: 19 align: 0] csize: 3363918 (ratio: 0.336), ctime: 542.310042ms (7ns per bit)
[ac-over-huff] [hsize: 13 ctx: 20 align: 0] csize: 3193000 (ratio: 0.319), ctime: 533.686667ms (7ns per bit)
[ac-over-huff] [hsize: 13 ctx: 21 align: 0] csize: 3067309 (ratio: 0.307), ctime: 533.181417ms (7ns per bit)
[ac-over-huff] [hsize: 13 ctx: 22 align: 0] csize: 2984820 (ratio: 0.298), ctime: 556.819916ms (7ns per bit)
[ac-over-huff] [hsize: 13 ctx: 23 align: 0] csize: 2937736 (ratio: 0.294), ctime: 616.557917ms (8ns per bit)
[ac-over-huff] [hsize: 13 ctx: 24 align: 0] csize: 2921307 (ratio: 0.292), ctime: 688.477458ms (9ns per bit)
[ac-over-huff] [hsize: 13 ctx: 25 align: 0] csize: 2931284 (ratio: 0.293), ctime: 762.176208ms (10ns per bit)
[ac-over-huff] [hsize: 13 ctx: 26 align: 0] csize: 2960278 (ratio: 0.296), ctime: 861.115458ms (11ns per bit)
-> best: 2921307 for [hsize: 13] when [ctx: 24, align: 0]
[ac-over-huff] [hsize: 14 ctx:  8 align: 0] csize: 6139252 (ratio: 0.614), ctime: 758.355875ms (9ns per bit)
[ac-over-huff] [hsize: 14 ctx:  9 align: 0] csize: 5976648 (ratio: 0.598), ctime: 765.566917ms (10ns per bit)
[ac-over-huff] [hsize: 14 ctx: 10 align: 0] csize: 5793605 (ratio: 0.579), ctime: 766.035667ms (10ns per bit)
[ac-over-huff] [hsize: 14 ctx: 11 align: 0] csize: 5566148 (ratio: 0.557), ctime: 759.637458ms (9ns per bit)
[ac-over-huff] [hsize: 14 ctx: 12 align: 0] csize: 5309695 (ratio: 0.531), ctime: 740.349084ms (9ns per bit)
[ac-over-huff] [hsize: 14 ctx: 13 align: 0] csize: 5022645 (ratio: 0.502), ctime: 709.515917ms (9ns per bit)
[ac-over-huff] [hsize: 14 ctx: 14 align: 0] csize: 4706924 (ratio: 0.471), ctime: 671.551584ms (8ns per bit)
[ac-over-huff] [hsize: 14 ctx: 15 align: 0] csize: 4387783 (ratio: 0.439), ctime: 633.813541ms (8ns per bit)
[ac-over-huff] [hsize: 14 ctx: 16 align: 0] csize: 4086638 (ratio: 0.409), ctime: 606.856334ms (8ns per bit)
[ac-over-huff] [hsize: 14 ctx: 17 align: 0] csize: 3809699 (ratio: 0.381), ctime: 580.660459ms (7ns per bit)
[ac-over-huff] [hsize: 14 ctx: 18 align: 0] csize: 3559816 (ratio: 0.356), ctime: 561.551208ms (7ns per bit)
[ac-over-huff] [hsize: 14 ctx: 19 align: 0] csize: 3351874 (ratio: 0.335), ctime: 542.516ms (7ns per bit)
[ac-over-huff] [hsize: 14 ctx: 20 align: 0] csize: 3189540 (ratio: 0.319), ctime: 534.072083ms (7ns per bit)
[ac-over-huff] [hsize: 14 ctx: 21 align: 0] csize: 3066705 (ratio: 0.307), ctime: 538.244125ms (7ns per bit)
[ac-over-huff] [hsize: 14 ctx: 22 align: 0] csize: 2986231 (ratio: 0.299), ctime: 563.456459ms (7ns per bit)
[ac-over-huff] [hsize: 14 ctx: 23 align: 0] csize: 2943822 (ratio: 0.294), ctime: 619.288833ms (8ns per bit)
[ac-over-huff] [hsize: 14 ctx: 24 align: 0] csize: 2930991 (ratio: 0.293), ctime: 690.893708ms (9ns per bit)
[ac-over-huff] [hsize: 14 ctx: 25 align: 0] csize: 2941093 (ratio: 0.294), ctime: 767.329ms (10ns per bit)
[ac-over-huff] [hsize: 14 ctx: 26 align: 0] csize: 2970314 (ratio: 0.297), ctime: 848.474ms (11ns per bit)
-> best: 2930991 for [hsize: 14] when [ctx: 24, align: 0]
[ac-over-huff] [hsize: 15 ctx:  8 align: 0] csize: 6095957 (ratio: 0.610), ctime: 761.317875ms (10ns per bit)
[ac-over-huff] [hsize: 15 ctx:  9 align: 0] csize: 5957953 (ratio: 0.596), ctime: 768.458167ms (10ns per bit)
[ac-over-huff] [hsize: 15 ctx: 10 align: 0] csize: 5783097 (ratio: 0.578), ctime: 765.976208ms (10ns per bit)
[ac-over-huff] [hsize: 15 ctx: 11 align: 0] csize: 5560475 (ratio: 0.556), ctime: 758.351958ms (9ns per bit)
[ac-over-huff] [hsize: 15 ctx: 12 align: 0] csize: 5316996 (ratio: 0.532), ctime: 741.608542ms (9ns per bit)
[ac-over-huff] [hsize: 15 ctx: 13 align: 0] csize: 5019912 (ratio: 0.502), ctime: 713.57325ms (9ns per bit)
[ac-over-huff] [hsize: 15 ctx: 14 align: 0] csize: 4723815 (ratio: 0.472), ctime: 713.209417ms (9ns per bit)
[ac-over-huff] [hsize: 15 ctx: 15 align: 0] csize: 4407806 (ratio: 0.441), ctime: 641.923209ms (8ns per bit)
[ac-over-huff] [hsize: 15 ctx: 16 align: 0] csize: 4106995 (ratio: 0.411), ctime: 611.844458ms (8ns per bit)
[ac-over-huff] [hsize: 15 ctx: 17 align: 0] csize: 3828694 (ratio: 0.383), ctime: 583.515959ms (7ns per bit)
[ac-over-huff] [hsize: 15 ctx: 18 align: 0] csize: 3579032 (ratio: 0.358), ctime: 560.535208ms (7ns per bit)
[ac-over-huff] [hsize: 15 ctx: 19 align: 0] csize: 3368488 (ratio: 0.337), ctime: 542.798875ms (7ns per bit)
[ac-over-huff] [hsize: 15 ctx: 20 align: 0] csize: 3198153 (ratio: 0.320), ctime: 533.660333ms (7ns per bit)
[ac-over-huff] [hsize: 15 ctx: 21 align: 0] csize: 3075679 (ratio: 0.308), ctime: 533.56125ms (7ns per bit)
[ac-over-huff] [hsize: 15 ctx: 22 align: 0] csize: 2994133 (ratio: 0.299), ctime: 561.803ms (7ns per bit)
[ac-over-huff] [hsize: 15 ctx: 23 align: 0] csize: 2949341 (ratio: 0.295), ctime: 622.260958ms (8ns per bit)
[ac-over-huff] [hsize: 15 ctx: 24 align: 0] csize: 2933751 (ratio: 0.293), ctime: 692.762041ms (9ns per bit)
[ac-over-huff] [hsize: 15 ctx: 25 align: 0] csize: 2943557 (ratio: 0.294), ctime: 769.540042ms (10ns per bit)
[ac-over-huff] [hsize: 15 ctx: 26 align: 0] csize: 2972509 (ratio: 0.297), ctime: 855.329541ms (11ns per bit)
-> best: 2933751 for [hsize: 15] when [ctx: 24, align: 0]
-> gloabl best: 2921307 for [hsize: 13, ctx: 24, align: 0]
