[eh-ac] [ctx:  8, align: 0] csize: 687637 (ratio 0.894), ctime: 876.99425ms (143ns per bit)
[eh-ac] [ctx:  8, align: 1] csize: 639384 (ratio 0.832), ctime: 740.552333ms (120ns per bit)
[eh-ac] [ctx:  8, align: 2] csize: 537954 (ratio 0.700), ctime: 585.024542ms (95ns per bit)
[eh-ac] [ctx:  8, align: 3] csize: 423101 (ratio 0.550), ctime: 453.601125ms (74ns per bit)
[eh-ac] [ctx:  8, align: 4] csize: 445328 (ratio 0.579), ctime: 374.391708ms (61ns per bit)
-> best: 423101 for [ctx: 8, align: 3]
[eh-ac] [ctx:  9, align: 0] csize: 659692 (ratio 0.858), ctime: 1.017889292s (166ns per bit)
[eh-ac] [ctx:  9, align: 1] csize: 604280 (ratio 0.786), ctime: 959.076042ms (156ns per bit)
[eh-ac] [ctx:  9, align: 2] csize: 503388 (ratio 0.655), ctime: 727.875875ms (118ns per bit)
[eh-ac] [ctx:  9, align: 3] csize: 395997 (ratio 0.515), ctime: 753.606209ms (123ns per bit)
[eh-ac] [ctx:  9, align: 4] csize: 423318 (ratio 0.551), ctime: 520.989125ms (85ns per bit)
-> best: 395997 for [ctx: 9, align: 3]
[eh-ac] [ctx: 10, align: 0] csize: 628412 (ratio 0.817), ctime: 1.543197s (251ns per bit)
[eh-ac] [ctx: 10, align: 1] csize: 556160 (ratio 0.723), ctime: 1.014238959s (165ns per bit)
[eh-ac] [ctx: 10, align: 2] csize: 470508 (ratio 0.612), ctime: 838.043083ms (136ns per bit)
[eh-ac] [ctx: 10, align: 3] csize: 372546 (ratio 0.485), ctime: 700.002375ms (114ns per bit)
[eh-ac] [ctx: 10, align: 4] csize: 396382 (ratio 0.516), ctime: 558.606916ms (91ns per bit)
-> best: 372546 for [ctx: 10, align: 3]
[eh-ac] [ctx: 11, align: 0] csize: 593641 (ratio 0.772), ctime: 1.299666916s (211ns per bit)
[eh-ac] [ctx: 11, align: 1] csize: 506978 (ratio 0.659), ctime: 1.141137917s (186ns per bit)
[eh-ac] [ctx: 11, align: 2] csize: 433147 (ratio 0.563), ctime: 962.409875ms (156ns per bit)
[eh-ac] [ctx: 11, align: 3] csize: 353992 (ratio 0.460), ctime: 799.830833ms (130ns per bit)
[eh-ac] [ctx: 11, align: 4] csize: 373232 (ratio 0.485), ctime: 680.145208ms (111ns per bit)
-> best: 353992 for [ctx: 11, align: 3]
[eh-ac] [ctx: 12, align: 0] csize: 557707 (ratio 0.725), ctime: 1.414861042s (230ns per bit)
[eh-ac] [ctx: 12, align: 1] csize: 460733 (ratio 0.599), ctime: 1.261118083s (205ns per bit)
[eh-ac] [ctx: 12, align: 2] csize: 399083 (ratio 0.519), ctime: 1.183105959s (192ns per bit)
[eh-ac] [ctx: 12, align: 3] csize: 333140 (ratio 0.433), ctime: 1.290373459s (210ns per bit)
[eh-ac] [ctx: 12, align: 4] csize: 355144 (ratio 0.462), ctime: 814.125666ms (132ns per bit)
-> best: 333140 for [ctx: 12, align: 3]
[eh-ac] [ctx: 13, align: 0] csize: 521221 (ratio 0.678), ctime: 1.575587917s (256ns per bit)
[eh-ac] [ctx: 13, align: 1] csize: 416736 (ratio 0.542), ctime: 1.460543333s (237ns per bit)
[eh-ac] [ctx: 13, align: 2] csize: 367302 (ratio 0.478), ctime: 1.583812333s (258ns per bit)
[eh-ac] [ctx: 13, align: 3] csize: 318059 (ratio 0.414), ctime: 1.099442084s (179ns per bit)
[eh-ac] [ctx: 13, align: 4] csize: 335000 (ratio 0.436), ctime: 1.15598175s (188ns per bit)
-> best: 318059 for [ctx: 13, align: 3]
[eh-ac] [ctx: 14, align: 0] csize: 488233 (ratio 0.635), ctime: 1.804530583s (293ns per bit)
[eh-ac] [ctx: 14, align: 1] csize: 377159 (ratio 0.491), ctime: 1.809601833s (294ns per bit)
[eh-ac] [ctx: 14, align: 2] csize: 338364 (ratio 0.440), ctime: 1.502345292s (244ns per bit)
[eh-ac] [ctx: 14, align: 3] csize: 304496 (ratio 0.396), ctime: 1.255677208s (204ns per bit)
[eh-ac] [ctx: 14, align: 4] csize: 320894 (ratio 0.417), ctime: 1.1416925s (186ns per bit)
-> best: 304496 for [ctx: 14, align: 3]
[eh-ac] [ctx: 15, align: 0] csize: 453528 (ratio 0.590), ctime: 1.943786292s (316ns per bit)
[eh-ac] [ctx: 15, align: 1] csize: 344402 (ratio 0.448), ctime: 1.682266458s (274ns per bit)
[eh-ac] [ctx: 15, align: 2] csize: 315520 (ratio 0.410), ctime: 1.51682675s (247ns per bit)
[eh-ac] [ctx: 15, align: 3] csize: 291451 (ratio 0.379), ctime: 1.369901708s (223ns per bit)
[eh-ac] [ctx: 15, align: 4] csize: 308637 (ratio 0.401), ctime: 1.231362375s (200ns per bit)
-> best: 291451 for [ctx: 15, align: 3]
[eh-ac] [ctx: 16, align: 0] csize: 416608 (ratio 0.542), ctime: 1.97096475s (320ns per bit)
[eh-ac] [ctx: 16, align: 1] csize: 318875 (ratio 0.415), ctime: 1.802670209s (293ns per bit)
[eh-ac] [ctx: 16, align: 2] csize: 299021 (ratio 0.389), ctime: 1.676609875s (273ns per bit)
[eh-ac] [ctx: 16, align: 3] csize: 280621 (ratio 0.365), ctime: 1.50996675s (246ns per bit)
[eh-ac] [ctx: 16, align: 4] csize: 297256 (ratio 0.387), ctime: 1.372820417s (223ns per bit)
-> best: 280621 for [ctx: 16, align: 3]
[eh-ac] [ctx: 17, align: 0] csize: 378746 (ratio 0.493), ctime: 2.097714583s (341ns per bit)
[eh-ac] [ctx: 17, align: 1] csize: 300861 (ratio 0.391), ctime: 1.94777625s (317ns per bit)
[eh-ac] [ctx: 17, align: 2] csize: 285583 (ratio 0.371), ctime: 1.793108375s (292ns per bit)
[eh-ac] [ctx: 17, align: 3] csize: 272974 (ratio 0.355), ctime: 1.655303125s (269ns per bit)
[eh-ac] [ctx: 17, align: 4] csize: 288497 (ratio 0.375), ctime: 1.513003792s (246ns per bit)
-> best: 272974 for [ctx: 17, align: 3]
[eh-ac] [ctx: 18, align: 0] csize: 351559 (ratio 0.457), ctime: 2.221614541s (361ns per bit)
[eh-ac] [ctx: 18, align: 1] csize: 287439 (ratio 0.374), ctime: 2.077144791s (338ns per bit)
[eh-ac] [ctx: 18, align: 2] csize: 276626 (ratio 0.360), ctime: 1.95377725s (318ns per bit)
[eh-ac] [ctx: 18, align: 3] csize: 267552 (ratio 0.348), ctime: 1.806082084s (294ns per bit)
[eh-ac] [ctx: 18, align: 4] csize: 283267 (ratio 0.368), ctime: 1.688806083s (275ns per bit)
-> best: 267552 for [ctx: 18, align: 3]
[eh-ac] [ctx: 19, align: 0] csize: 333472 (ratio 0.434), ctime: 2.421647s (394ns per bit)
[eh-ac] [ctx: 19, align: 1] csize: 279745 (ratio 0.364), ctime: 2.282076083s (371ns per bit)
[eh-ac] [ctx: 19, align: 2] csize: 270854 (ratio 0.352), ctime: 2.161932s (352ns per bit)
[eh-ac] [ctx: 19, align: 3] csize: 264450 (ratio 0.344), ctime: 1.966859959s (320ns per bit)
[eh-ac] [ctx: 19, align: 4] csize: 280691 (ratio 0.365), ctime: 1.855281s (302ns per bit)
-> best: 264450 for [ctx: 19, align: 3]
[eh-ac] [ctx: 20, align: 0] csize: 321205 (ratio 0.418), ctime: 2.56836s (418ns per bit)
[eh-ac] [ctx: 20, align: 1] csize: 276904 (ratio 0.360), ctime: 2.467640792s (401ns per bit)
[eh-ac] [ctx: 20, align: 2] csize: 268990 (ratio 0.350), ctime: 2.307362208s (375ns per bit)
[eh-ac] [ctx: 20, align: 3] csize: 262871 (ratio 0.342), ctime: 2.164428792s (352ns per bit)
[eh-ac] [ctx: 20, align: 4] csize: 280753 (ratio 0.365), ctime: 2.048014417s (333ns per bit)
-> best: 262871 for [ctx: 20, align: 3]
[eh-ac] [ctx: 21, align: 0] csize: 314057 (ratio 0.409), ctime: 2.872047917s (467ns per bit)
[eh-ac] [ctx: 21, align: 1] csize: 278048 (ratio 0.362), ctime: 2.716714167s (442ns per bit)
[eh-ac] [ctx: 21, align: 2] csize: 269982 (ratio 0.351), ctime: 2.545043334s (414ns per bit)
[eh-ac] [ctx: 21, align: 3] csize: 263687 (ratio 0.343), ctime: 2.326833917s (378ns per bit)
[eh-ac] [ctx: 21, align: 4] csize: 282662 (ratio 0.368), ctime: 2.182991125s (355ns per bit)
-> best: 263687 for [ctx: 21, align: 3]
[eh-ac] [ctx: 22, align: 0] csize: 307226 (ratio 0.400), ctime: 3.002946167s (488ns per bit)
[eh-ac] [ctx: 22, align: 1] csize: 282493 (ratio 0.367), ctime: 3.035805709s (494ns per bit)
[eh-ac] [ctx: 22, align: 2] csize: 273671 (ratio 0.356), ctime: 2.65973575s (432ns per bit)
[eh-ac] [ctx: 22, align: 3] csize: 266589 (ratio 0.347), ctime: 2.555962708s (416ns per bit)
[eh-ac] [ctx: 22, align: 4] csize: 287199 (ratio 0.374), ctime: 2.359444416s (384ns per bit)
-> best: 266589 for [ctx: 22, align: 3]
[eh-ac] [ctx: 23, align: 0] csize: 309522 (ratio 0.403), ctime: 3.170963583s (516ns per bit)
[eh-ac] [ctx: 23, align: 1] csize: 289586 (ratio 0.377), ctime: 3.029034792s (493ns per bit)
[eh-ac] [ctx: 23, align: 2] csize: 279839 (ratio 0.364), ctime: 2.910894875s (473ns per bit)
[eh-ac] [ctx: 23, align: 3] csize: 271523 (ratio 0.353), ctime: 2.756249125s (448ns per bit)
[eh-ac] [ctx: 23, align: 4] csize: 293940 (ratio 0.382), ctime: 2.537018833s (413ns per bit)
-> best: 271523 for [ctx: 23, align: 3]
[eh-ac] [ctx: 24, align: 0] csize: 317011 (ratio 0.412), ctime: 3.317031375s (539ns per bit)
[eh-ac] [ctx: 24, align: 1] csize: 298764 (ratio 0.389), ctime: 3.095418084s (503ns per bit)
[eh-ac] [ctx: 24, align: 2] csize: 287957 (ratio 0.375), ctime: 2.9483265s (479ns per bit)
[eh-ac] [ctx: 24, align: 3] csize: 278441 (ratio 0.362), ctime: 2.788680125s (453ns per bit)
[eh-ac] [ctx: 24, align: 4] csize: 302834 (ratio 0.394), ctime: 2.624162625s (427ns per bit)
-> best: 278441 for [ctx: 24, align: 3]
[eh-ac] [ctx: 25, align: 0] csize: 327176 (ratio 0.426), ctime: 3.452963583s (561ns per bit)
[eh-ac] [ctx: 25, align: 1] csize: 309924 (ratio 0.403), ctime: 3.267451s (531ns per bit)
[eh-ac] [ctx: 25, align: 2] csize: 297796 (ratio 0.387), ctime: 3.184513875s (518ns per bit)
[eh-ac] [ctx: 25, align: 3] csize: 287059 (ratio 0.373), ctime: 3.156420042s (513ns per bit)
[eh-ac] [ctx: 25, align: 4] csize: 313581 (ratio 0.408), ctime: 2.897354708s (471ns per bit)
-> best: 287059 for [ctx: 25, align: 3]
[eh-ac] [ctx: 26, align: 0] csize: 339085 (ratio 0.441), ctime: 3.827944083s (622ns per bit)
[eh-ac] [ctx: 26, align: 1] csize: 322506 (ratio 0.420), ctime: 3.537683541s (575ns per bit)
[eh-ac] [ctx: 26, align: 2] csize: 309338 (ratio 0.402), ctime: 3.351879875s (545ns per bit)
[eh-ac] [ctx: 26, align: 3] csize: 297275 (ratio 0.387), ctime: 3.170575667s (516ns per bit)
[eh-ac] [ctx: 26, align: 4] csize: 326032 (ratio 0.424), ctime: 3.014432333s (490ns per bit)
-> best: 297275 for [ctx: 26, align: 3]
-> gloabl best: 262871 for [ctx: 20, align: 3]