[eh-ac-be] [ctx:  8, align: 0] csize: 687637 (ratio 0.894), ctime: 1.324997334s (215ns per bit)
[eh-ac-le] [ctx:  8, align: 0] csize: 687637 (ratio 0.894), ctime: 1.301735792s (212ns per bit)
[eh-ac-be] [ctx:  8, align: 1] csize: 639384 (ratio 0.832), ctime: 1.144517417s (186ns per bit)
[eh-ac-le] [ctx:  8, align: 1] csize: 639384 (ratio 0.832), ctime: 1.137838792s (185ns per bit)
[eh-ac-be] [ctx:  8, align: 2] csize: 537954 (ratio 0.700), ctime: 958.546792ms (156ns per bit)
[eh-ac-le] [ctx:  8, align: 2] csize: 537954 (ratio 0.700), ctime: 955.937458ms (155ns per bit)
[eh-ac-be] [ctx:  8, align: 3] csize: 423101 (ratio 0.550), ctime: 802.343959ms (130ns per bit)
[eh-ac-le] [ctx:  8, align: 3] csize: 423101 (ratio 0.550), ctime: 798.62675ms (130ns per bit)
[eh-ac-be] [ctx:  8, align: 4] csize: 445328 (ratio 0.579), ctime: 668.635333ms (109ns per bit)
[eh-ac-le] [ctx:  8, align: 4] csize: 445328 (ratio 0.579), ctime: 666.278167ms (108ns per bit)
-> best: 423101 for [ctx: 8, align: 3]
[eh-ac-be] [ctx:  9, align: 0] csize: 659692 (ratio 0.858), ctime: 1.475113167s (240ns per bit)
[eh-ac-le] [ctx:  9, align: 0] csize: 659692 (ratio 0.858), ctime: 1.470631709s (239ns per bit)
[eh-ac-be] [ctx:  9, align: 1] csize: 604280 (ratio 0.786), ctime: 1.30251975s (212ns per bit)
[eh-ac-le] [ctx:  9, align: 1] csize: 604280 (ratio 0.786), ctime: 1.301783375s (212ns per bit)
[eh-ac-be] [ctx:  9, align: 2] csize: 503388 (ratio 0.655), ctime: 1.118695083s (182ns per bit)
[eh-ac-le] [ctx:  9, align: 2] csize: 503388 (ratio 0.655), ctime: 1.111027875s (181ns per bit)
[eh-ac-be] [ctx:  9, align: 3] csize: 395997 (ratio 0.515), ctime: 937.967709ms (153ns per bit)
[eh-ac-le] [ctx:  9, align: 3] csize: 395997 (ratio 0.515), ctime: 933.376459ms (152ns per bit)
[eh-ac-be] [ctx:  9, align: 4] csize: 423318 (ratio 0.551), ctime: 805.56025ms (131ns per bit)
[eh-ac-le] [ctx:  9, align: 4] csize: 423318 (ratio 0.551), ctime: 800.87975ms (130ns per bit)
-> best: 395997 for [ctx: 9, align: 3]
[eh-ac-be] [ctx: 10, align: 0] csize: 628412 (ratio 0.817), ctime: 1.661012333s (270ns per bit)
[eh-ac-le] [ctx: 10, align: 0] csize: 628412 (ratio 0.817), ctime: 1.652139542s (269ns per bit)
[eh-ac-be] [ctx: 10, align: 1] csize: 556160 (ratio 0.723), ctime: 1.466182958s (238ns per bit)
[eh-ac-le] [ctx: 10, align: 1] csize: 556160 (ratio 0.723), ctime: 1.457913708s (237ns per bit)
[eh-ac-be] [ctx: 10, align: 2] csize: 470508 (ratio 0.612), ctime: 1.272249208s (207ns per bit)
[eh-ac-le] [ctx: 10, align: 2] csize: 470508 (ratio 0.612), ctime: 1.265902875s (206ns per bit)
[eh-ac-be] [ctx: 10, align: 3] csize: 372546 (ratio 0.485), ctime: 1.093306667s (178ns per bit)
[eh-ac-le] [ctx: 10, align: 3] csize: 372546 (ratio 0.485), ctime: 1.085180584s (176ns per bit)
[eh-ac-be] [ctx: 10, align: 4] csize: 396382 (ratio 0.516), ctime: 936.285166ms (152ns per bit)
[eh-ac-le] [ctx: 10, align: 4] csize: 396382 (ratio 0.516), ctime: 931.999375ms (152ns per bit)
-> best: 372546 for [ctx: 10, align: 3]
[eh-ac-be] [ctx: 11, align: 0] csize: 593641 (ratio 0.772), ctime: 1.819326292s (296ns per bit)
[eh-ac-le] [ctx: 11, align: 0] csize: 593641 (ratio 0.772), ctime: 1.808926375s (294ns per bit)
[eh-ac-be] [ctx: 11, align: 1] csize: 506978 (ratio 0.659), ctime: 1.634995417s (266ns per bit)
[eh-ac-le] [ctx: 11, align: 1] csize: 506978 (ratio 0.659), ctime: 1.628773041s (265ns per bit)
[eh-ac-be] [ctx: 11, align: 2] csize: 433147 (ratio 0.563), ctime: 1.439532959s (234ns per bit)
[eh-ac-le] [ctx: 11, align: 2] csize: 433147 (ratio 0.563), ctime: 1.431908459s (233ns per bit)
[eh-ac-be] [ctx: 11, align: 3] csize: 353992 (ratio 0.460), ctime: 1.254644541s (204ns per bit)
[eh-ac-le] [ctx: 11, align: 3] csize: 353992 (ratio 0.460), ctime: 1.245594084s (203ns per bit)
[eh-ac-be] [ctx: 11, align: 4] csize: 373232 (ratio 0.485), ctime: 1.093671792s (178ns per bit)
[eh-ac-le] [ctx: 11, align: 4] csize: 373232 (ratio 0.485), ctime: 1.087035958s (177ns per bit)
-> best: 353992 for [ctx: 11, align: 3]
[eh-ac-be] [ctx: 12, align: 0] csize: 557707 (ratio 0.725), ctime: 1.9846385s (323ns per bit)
[eh-ac-le] [ctx: 12, align: 0] csize: 557707 (ratio 0.725), ctime: 1.975127083s (321ns per bit)
[eh-ac-be] [ctx: 12, align: 1] csize: 460733 (ratio 0.599), ctime: 1.80145975s (293ns per bit)
[eh-ac-le] [ctx: 12, align: 1] csize: 460733 (ratio 0.599), ctime: 1.793004625s (292ns per bit)
[eh-ac-be] [ctx: 12, align: 2] csize: 399083 (ratio 0.519), ctime: 1.613319625s (262ns per bit)
[eh-ac-le] [ctx: 12, align: 2] csize: 399083 (ratio 0.519), ctime: 1.60641925s (261ns per bit)
[eh-ac-be] [ctx: 12, align: 3] csize: 333140 (ratio 0.433), ctime: 1.419973709s (231ns per bit)
[eh-ac-le] [ctx: 12, align: 3] csize: 333140 (ratio 0.433), ctime: 1.412811083s (230ns per bit)
[eh-ac-be] [ctx: 12, align: 4] csize: 355144 (ratio 0.462), ctime: 1.252200292s (204ns per bit)
[eh-ac-le] [ctx: 12, align: 4] csize: 355144 (ratio 0.462), ctime: 1.252153708s (204ns per bit)
-> best: 333140 for [ctx: 12, align: 3]
[eh-ac-be] [ctx: 13, align: 0] csize: 521221 (ratio 0.678), ctime: 2.164811833s (352ns per bit)
[eh-ac-le] [ctx: 13, align: 0] csize: 521221 (ratio 0.678), ctime: 2.222849791s (361ns per bit)
[eh-ac-be] [ctx: 13, align: 1] csize: 416736 (ratio 0.542), ctime: 1.970463708s (320ns per bit)
[eh-ac-le] [ctx: 13, align: 1] csize: 416736 (ratio 0.542), ctime: 2.032772084s (331ns per bit)
[eh-ac-be] [ctx: 13, align: 2] csize: 367302 (ratio 0.478), ctime: 1.794053209s (292ns per bit)
[eh-ac-le] [ctx: 13, align: 2] csize: 367302 (ratio 0.478), ctime: 1.7755035s (289ns per bit)
[eh-ac-be] [ctx: 13, align: 3] csize: 318059 (ratio 0.414), ctime: 1.604623209s (261ns per bit)
[eh-ac-le] [ctx: 13, align: 3] csize: 318059 (ratio 0.414), ctime: 1.609014042s (262ns per bit)
[eh-ac-be] [ctx: 13, align: 4] csize: 335000 (ratio 0.436), ctime: 1.428571375s (232ns per bit)
[eh-ac-le] [ctx: 13, align: 4] csize: 335000 (ratio 0.436), ctime: 1.427174292s (232ns per bit)
-> best: 318059 for [ctx: 13, align: 3]
[eh-ac-be] [ctx: 14, align: 0] csize: 488233 (ratio 0.635), ctime: 2.356922583s (383ns per bit)
[eh-ac-le] [ctx: 14, align: 0] csize: 488233 (ratio 0.635), ctime: 2.339996541s (380ns per bit)
[eh-ac-be] [ctx: 14, align: 1] csize: 377159 (ratio 0.491), ctime: 2.159451083s (351ns per bit)
[eh-ac-le] [ctx: 14, align: 1] csize: 377159 (ratio 0.491), ctime: 2.213243583s (360ns per bit)
[eh-ac-be] [ctx: 14, align: 2] csize: 338364 (ratio 0.440), ctime: 1.945715791s (316ns per bit)
[eh-ac-le] [ctx: 14, align: 2] csize: 338364 (ratio 0.440), ctime: 1.9435395s (316ns per bit)
[eh-ac-be] [ctx: 14, align: 3] csize: 304496 (ratio 0.396), ctime: 1.799643542s (293ns per bit)
[eh-ac-le] [ctx: 14, align: 3] csize: 304496 (ratio 0.396), ctime: 1.882232291s (306ns per bit)
[eh-ac-be] [ctx: 14, align: 4] csize: 320894 (ratio 0.417), ctime: 1.759128042s (286ns per bit)
[eh-ac-le] [ctx: 14, align: 4] csize: 320894 (ratio 0.417), ctime: 1.596769959s (260ns per bit)
-> best: 304496 for [ctx: 14, align: 3]
[eh-ac-be] [ctx: 15, align: 0] csize: 453528 (ratio 0.590), ctime: 2.498674292s (406ns per bit)
[eh-ac-le] [ctx: 15, align: 0] csize: 453528 (ratio 0.590), ctime: 2.809236375s (457ns per bit)
[eh-ac-be] [ctx: 15, align: 1] csize: 344402 (ratio 0.448), ctime: 2.341207292s (381ns per bit)
[eh-ac-le] [ctx: 15, align: 1] csize: 344402 (ratio 0.448), ctime: 2.36938525s (385ns per bit)
[eh-ac-be] [ctx: 15, align: 2] csize: 315520 (ratio 0.410), ctime: 2.1356535s (347ns per bit)
[eh-ac-le] [ctx: 15, align: 2] csize: 315520 (ratio 0.410), ctime: 2.134759709s (347ns per bit)
[eh-ac-be] [ctx: 15, align: 3] csize: 291451 (ratio 0.379), ctime: 1.969996916s (320ns per bit)
[eh-ac-le] [ctx: 15, align: 3] csize: 291451 (ratio 0.379), ctime: 2.078137458s (338ns per bit)
[eh-ac-be] [ctx: 15, align: 4] csize: 308637 (ratio 0.401), ctime: 1.778216209s (289ns per bit)
[eh-ac-le] [ctx: 15, align: 4] csize: 308637 (ratio 0.401), ctime: 1.833091666s (298ns per bit)
-> best: 291451 for [ctx: 15, align: 3]
[eh-ac-be] [ctx: 16, align: 0] csize: 416608 (ratio 0.542), ctime: 2.737206375s (445ns per bit)
[eh-ac-le] [ctx: 16, align: 0] csize: 416608 (ratio 0.542), ctime: 2.742014958s (446ns per bit)
[eh-ac-be] [ctx: 16, align: 1] csize: 318875 (ratio 0.415), ctime: 2.516814583s (409ns per bit)
[eh-ac-le] [ctx: 16, align: 1] csize: 318875 (ratio 0.415), ctime: 2.9734415s (483ns per bit)
[eh-ac-be] [ctx: 16, align: 2] csize: 299021 (ratio 0.389), ctime: 2.3379675s (380ns per bit)
[eh-ac-le] [ctx: 16, align: 2] csize: 299021 (ratio 0.389), ctime: 2.363479583s (384ns per bit)
[eh-ac-be] [ctx: 16, align: 3] csize: 280621 (ratio 0.365), ctime: 2.141718333s (348ns per bit)
[eh-ac-le] [ctx: 16, align: 3] csize: 280621 (ratio 0.365), ctime: 2.198312042s (357ns per bit)
[eh-ac-be] [ctx: 16, align: 4] csize: 297256 (ratio 0.387), ctime: 2.290309958s (372ns per bit)
[eh-ac-le] [ctx: 16, align: 4] csize: 297256 (ratio 0.387), ctime: 1.975926666s (321ns per bit)
-> best: 280621 for [ctx: 16, align: 3]
[eh-ac-be] [ctx: 17, align: 0] csize: 378746 (ratio 0.493), ctime: 2.852729541s (464ns per bit)
[eh-ac-le] [ctx: 17, align: 0] csize: 378746 (ratio 0.493), ctime: 2.825987208s (459ns per bit)
[eh-ac-be] [ctx: 17, align: 1] csize: 300861 (ratio 0.391), ctime: 2.647431916s (430ns per bit)
[eh-ac-le] [ctx: 17, align: 1] csize: 300861 (ratio 0.391), ctime: 2.642422667s (430ns per bit)
[eh-ac-be] [ctx: 17, align: 2] csize: 285583 (ratio 0.371), ctime: 2.475001708s (402ns per bit)
[eh-ac-le] [ctx: 17, align: 2] csize: 285583 (ratio 0.371), ctime: 2.465783084s (401ns per bit)
[eh-ac-be] [ctx: 17, align: 3] csize: 272974 (ratio 0.355), ctime: 2.303502583s (375ns per bit)
[eh-ac-le] [ctx: 17, align: 3] csize: 272974 (ratio 0.355), ctime: 2.300794541s (374ns per bit)
[eh-ac-be] [ctx: 17, align: 4] csize: 288497 (ratio 0.375), ctime: 2.125259625s (346ns per bit)
[eh-ac-le] [ctx: 17, align: 4] csize: 288497 (ratio 0.375), ctime: 2.121442375s (345ns per bit)
-> best: 272974 for [ctx: 17, align: 3]
[eh-ac-be] [ctx: 18, align: 0] csize: 351559 (ratio 0.457), ctime: 3.047851833s (496ns per bit)
[eh-ac-le] [ctx: 18, align: 0] csize: 351559 (ratio 0.457), ctime: 3.0046665s (489ns per bit)
[eh-ac-be] [ctx: 18, align: 1] csize: 287439 (ratio 0.374), ctime: 2.836017708s (461ns per bit)
[eh-ac-le] [ctx: 18, align: 1] csize: 287439 (ratio 0.374), ctime: 2.821107709s (459ns per bit)
[eh-ac-be] [ctx: 18, align: 2] csize: 276626 (ratio 0.360), ctime: 2.65957775s (432ns per bit)
[eh-ac-le] [ctx: 18, align: 2] csize: 276626 (ratio 0.360), ctime: 2.659489292s (432ns per bit)
[eh-ac-be] [ctx: 18, align: 3] csize: 267552 (ratio 0.348), ctime: 2.483689709s (404ns per bit)
[eh-ac-le] [ctx: 18, align: 3] csize: 267552 (ratio 0.348), ctime: 2.474487792s (402ns per bit)
[eh-ac-be] [ctx: 18, align: 4] csize: 283267 (ratio 0.368), ctime: 2.311923083s (376ns per bit)
[eh-ac-le] [ctx: 18, align: 4] csize: 283267 (ratio 0.368), ctime: 2.308563292s (375ns per bit)
-> best: 267552 for [ctx: 18, align: 3]
[eh-ac-be] [ctx: 19, align: 0] csize: 333472 (ratio 0.434), ctime: 3.20329375s (521ns per bit)
[eh-ac-le] [ctx: 19, align: 0] csize: 333472 (ratio 0.434), ctime: 3.189124292s (519ns per bit)
[eh-ac-be] [ctx: 19, align: 1] csize: 279745 (ratio 0.364), ctime: 3.027119625s (492ns per bit)
[eh-ac-le] [ctx: 19, align: 1] csize: 279745 (ratio 0.364), ctime: 3.01219825s (490ns per bit)
[eh-ac-be] [ctx: 19, align: 2] csize: 270854 (ratio 0.352), ctime: 2.835933125s (461ns per bit)
[eh-ac-le] [ctx: 19, align: 2] csize: 270854 (ratio 0.352), ctime: 2.838362708s (462ns per bit)
[eh-ac-be] [ctx: 19, align: 3] csize: 264450 (ratio 0.344), ctime: 2.664892208s (433ns per bit)
[eh-ac-le] [ctx: 19, align: 3] csize: 264450 (ratio 0.344), ctime: 2.654518792s (432ns per bit)
[eh-ac-be] [ctx: 19, align: 4] csize: 280691 (ratio 0.365), ctime: 2.491458917s (405ns per bit)
[eh-ac-le] [ctx: 19, align: 4] csize: 280691 (ratio 0.365), ctime: 2.477806625s (403ns per bit)
-> best: 264450 for [ctx: 19, align: 3]
[eh-ac-be] [ctx: 20, align: 0] csize: 321205 (ratio 0.418), ctime: 3.381914291s (550ns per bit)
[eh-ac-le] [ctx: 20, align: 0] csize: 321205 (ratio 0.418), ctime: 3.370397875s (548ns per bit)
[eh-ac-be] [ctx: 20, align: 1] csize: 276904 (ratio 0.360), ctime: 3.203536125s (521ns per bit)
[eh-ac-le] [ctx: 20, align: 1] csize: 276904 (ratio 0.360), ctime: 3.190944s (519ns per bit)
[eh-ac-be] [ctx: 20, align: 2] csize: 268990 (ratio 0.350), ctime: 3.01234525s (490ns per bit)
[eh-ac-le] [ctx: 20, align: 2] csize: 268990 (ratio 0.350), ctime: 3.010614208s (490ns per bit)
[eh-ac-be] [ctx: 20, align: 3] csize: 262871 (ratio 0.342), ctime: 2.852162583s (464ns per bit)
[eh-ac-le] [ctx: 20, align: 3] csize: 262871 (ratio 0.342), ctime: 2.851768583s (464ns per bit)
[eh-ac-be] [ctx: 20, align: 4] csize: 280753 (ratio 0.365), ctime: 2.678844042s (436ns per bit)
[eh-ac-le] [ctx: 20, align: 4] csize: 280753 (ratio 0.365), ctime: 2.673131166s (435ns per bit)
-> best: 262871 for [ctx: 20, align: 3]
[eh-ac-be] [ctx: 21, align: 0] csize: 314057 (ratio 0.409), ctime: 3.644949084s (593ns per bit)
[eh-ac-le] [ctx: 21, align: 0] csize: 314057 (ratio 0.409), ctime: 3.574160375s (581ns per bit)
[eh-ac-be] [ctx: 21, align: 1] csize: 278048 (ratio 0.362), ctime: 3.454437917s (562ns per bit)
[eh-ac-le] [ctx: 21, align: 1] csize: 278048 (ratio 0.362), ctime: 3.39569975s (552ns per bit)
[eh-ac-be] [ctx: 21, align: 2] csize: 269982 (ratio 0.351), ctime: 3.262797083s (531ns per bit)
[eh-ac-le] [ctx: 21, align: 2] csize: 269982 (ratio 0.351), ctime: 3.224988667s (524ns per bit)
[eh-ac-be] [ctx: 21, align: 3] csize: 263687 (ratio 0.343), ctime: 3.085519s (502ns per bit)
[eh-ac-le] [ctx: 21, align: 3] csize: 263687 (ratio 0.343), ctime: 3.046180625s (495ns per bit)
[eh-ac-be] [ctx: 21, align: 4] csize: 282662 (ratio 0.368), ctime: 2.907156667s (473ns per bit)
[eh-ac-le] [ctx: 21, align: 4] csize: 282662 (ratio 0.368), ctime: 2.888802209s (470ns per bit)
-> best: 263687 for [ctx: 21, align: 3]
[eh-ac-be] [ctx: 22, align: 0] csize: 307226 (ratio 0.400), ctime: 4.0797195s (663ns per bit)
[eh-ac-le] [ctx: 22, align: 0] csize: 307226 (ratio 0.400), ctime: 3.863625584s (628ns per bit)
[eh-ac-be] [ctx: 22, align: 1] csize: 282493 (ratio 0.367), ctime: 3.853984084s (627ns per bit)
[eh-ac-le] [ctx: 22, align: 1] csize: 282493 (ratio 0.367), ctime: 3.6801635s (598ns per bit)
[eh-ac-be] [ctx: 22, align: 2] csize: 273671 (ratio 0.356), ctime: 3.638357584s (592ns per bit)
[eh-ac-le] [ctx: 22, align: 2] csize: 273671 (ratio 0.356), ctime: 3.504948958s (570ns per bit)
[eh-ac-be] [ctx: 22, align: 3] csize: 266589 (ratio 0.347), ctime: 3.425954959s (557ns per bit)
[eh-ac-le] [ctx: 22, align: 3] csize: 266589 (ratio 0.347), ctime: 3.324141333s (540ns per bit)
[eh-ac-be] [ctx: 22, align: 4] csize: 287199 (ratio 0.374), ctime: 3.193696917s (519ns per bit)
[eh-ac-le] [ctx: 22, align: 4] csize: 287199 (ratio 0.374), ctime: 3.153586833s (513ns per bit)
-> best: 266589 for [ctx: 22, align: 3]
[eh-ac-be] [ctx: 23, align: 0] csize: 309522 (ratio 0.403), ctime: 4.329794625s (704ns per bit)
[eh-ac-le] [ctx: 23, align: 0] csize: 309522 (ratio 0.403), ctime: 4.141965375s (673ns per bit)
[eh-ac-be] [ctx: 23, align: 1] csize: 289586 (ratio 0.377), ctime: 4.098052208s (666ns per bit)
[eh-ac-le] [ctx: 23, align: 1] csize: 289586 (ratio 0.377), ctime: 3.987434875s (648ns per bit)
[eh-ac-be] [ctx: 23, align: 2] csize: 279839 (ratio 0.364), ctime: 3.87629925s (630ns per bit)
[eh-ac-le] [ctx: 23, align: 2] csize: 279839 (ratio 0.364), ctime: 3.803829833s (618ns per bit)
[eh-ac-be] [ctx: 23, align: 3] csize: 271523 (ratio 0.353), ctime: 3.652217209s (594ns per bit)
[eh-ac-le] [ctx: 23, align: 3] csize: 271523 (ratio 0.353), ctime: 3.6277245s (590ns per bit)
[eh-ac-be] [ctx: 23, align: 4] csize: 293940 (ratio 0.382), ctime: 3.427739125s (557ns per bit)
[eh-ac-le] [ctx: 23, align: 4] csize: 293940 (ratio 0.382), ctime: 3.441543833s (560ns per bit)
-> best: 271523 for [ctx: 23, align: 3]
[eh-ac-be] [ctx: 24, align: 0] csize: 317011 (ratio 0.412), ctime: 4.601845208s (748ns per bit)
[eh-ac-le] [ctx: 24, align: 0] csize: 317012 (ratio 0.412), ctime: 4.470067875s (727ns per bit)
[eh-ac-be] [ctx: 24, align: 1] csize: 298764 (ratio 0.389), ctime: 4.376315708s (712ns per bit)
[eh-ac-le] [ctx: 24, align: 1] csize: 298765 (ratio 0.389), ctime: 4.275769042s (695ns per bit)
[eh-ac-be] [ctx: 24, align: 2] csize: 287957 (ratio 0.375), ctime: 4.140325709s (673ns per bit)
[eh-ac-le] [ctx: 24, align: 2] csize: 287957 (ratio 0.375), ctime: 4.09869325s (666ns per bit)
[eh-ac-be] [ctx: 24, align: 3] csize: 278441 (ratio 0.362), ctime: 3.888704459s (632ns per bit)
[eh-ac-le] [ctx: 24, align: 3] csize: 278441 (ratio 0.362), ctime: 3.902887625s (635ns per bit)
[eh-ac-be] [ctx: 24, align: 4] csize: 302834 (ratio 0.394), ctime: 3.667536834s (596ns per bit)
[eh-ac-le] [ctx: 24, align: 4] csize: 302834 (ratio 0.394), ctime: 3.724699542s (606ns per bit)
-> best: 278441 for [ctx: 24, align: 3]
[eh-ac-be] [ctx: 25, align: 0] csize: 327176 (ratio 0.426), ctime: 4.928549125s (801ns per bit)
[eh-ac-le] [ctx: 25, align: 0] csize: 327177 (ratio 0.426), ctime: 4.746512541s (772ns per bit)
[eh-ac-be] [ctx: 25, align: 1] csize: 309924 (ratio 0.403), ctime: 4.689218291s (762ns per bit)
[eh-ac-le] [ctx: 25, align: 1] csize: 309925 (ratio 0.403), ctime: 4.536859541s (738ns per bit)
[eh-ac-be] [ctx: 25, align: 2] csize: 297796 (ratio 0.387), ctime: 4.453162583s (724ns per bit)
[eh-ac-le] [ctx: 25, align: 2] csize: 297796 (ratio 0.387), ctime: 4.432597083s (721ns per bit)
[eh-ac-be] [ctx: 25, align: 3] csize: 287059 (ratio 0.373), ctime: 4.204811958s (684ns per bit)
[eh-ac-le] [ctx: 25, align: 3] csize: 287059 (ratio 0.373), ctime: 4.187346084s (681ns per bit)
[eh-ac-be] [ctx: 25, align: 4] csize: 313581 (ratio 0.408), ctime: 3.964295416s (645ns per bit)
[eh-ac-le] [ctx: 25, align: 4] csize: 313581 (ratio 0.408), ctime: 4.007696166s (652ns per bit)
-> best: 287059 for [ctx: 25, align: 3]
[eh-ac-be] [ctx: 26, align: 0] csize: 339085 (ratio 0.441), ctime: 5.286676958s (860ns per bit)
[eh-ac-le] [ctx: 26, align: 0] csize: 339087 (ratio 0.441), ctime: 5.069268584s (824ns per bit)
[eh-ac-be] [ctx: 26, align: 1] csize: 322506 (ratio 0.420), ctime: 5.044020625s (820ns per bit)
[eh-ac-le] [ctx: 26, align: 1] csize: 322507 (ratio 0.420), ctime: 4.900022959s (797ns per bit)
[eh-ac-be] [ctx: 26, align: 2] csize: 309338 (ratio 0.402), ctime: 4.804657s (781ns per bit)
[eh-ac-le] [ctx: 26, align: 2] csize: 309339 (ratio 0.402), ctime: 4.696117625s (764ns per bit)
[eh-ac-be] [ctx: 26, align: 3] csize: 297275 (ratio 0.387), ctime: 4.553320833s (740ns per bit)
[eh-ac-le] [ctx: 26, align: 3] csize: 297275 (ratio 0.387), ctime: 4.526556959s (736ns per bit)
[eh-ac-be] [ctx: 26, align: 4] csize: 326032 (ratio 0.424), ctime: 4.31911825s (702ns per bit)
[eh-ac-le] [ctx: 26, align: 4] csize: 326031 (ratio 0.424), ctime: 4.336263583s (705ns per bit)
-> best: 297275 for [ctx: 26, align: 3]
-> gloabl best: 262871 for [ctx: 20, align: 3]