[eh-ac] [ctx:  8, align: 3 cache:  9] csize: 423101 (ratio 0.550), ctime: 682.452416ms (111ns per bit)
[eh-ac] [ctx:  8, align: 3 cache: 10] csize: 423101 (ratio 0.550), ctime: 682.887375ms (111ns per bit)
[eh-ac] [ctx:  8, align: 3 cache: 11] csize: 423101 (ratio 0.550), ctime: 718.256083ms (117ns per bit)
[eh-ac] [ctx:  8, align: 3 cache:  0] csize: 423101 (ratio 0.550), ctime: 741.120875ms (121ns per bit)
[eh-ac] [ctx:  8, align: 3 cache: 13] csize: 423101 (ratio 0.550), ctime: 745.274334ms (121ns per bit)
[eh-ac] [ctx:  8, align: 3 cache: 16] csize: 423101 (ratio 0.550), ctime: 749.379917ms (122ns per bit)
[eh-ac] [ctx:  8, align: 3 cache: 14] csize: 423101 (ratio 0.550), ctime: 766.845208ms (125ns per bit)
[eh-ac] [ctx:  8, align: 3 cache: 15] csize: 423101 (ratio 0.550), ctime: 778.075834ms (127ns per bit)
[eh-ac] [ctx:  8, align: 3 cache:  8] csize: 423101 (ratio 0.550), ctime: 713.020834ms (116ns per bit)
[eh-ac] [ctx:  8, align: 3 cache: 12] csize: 423101 (ratio 0.550), ctime: 813.567125ms (132ns per bit)
[eh-ac] [ctx:  8, align: 3 cache: 17] csize: 423101 (ratio 0.550), ctime: 863.027416ms (140ns per bit)
[eh-ac] [ctx:  8, align: 3 cache: 18] csize: 423101 (ratio 0.550), ctime: 873.338542ms (142ns per bit)
[eh-ac] [ctx:  8, align: 3 cache: 20] csize: 423101 (ratio 0.550), ctime: 916.834875ms (149ns per bit)
[eh-ac] [ctx:  8, align: 3 cache: 19] csize: 423101 (ratio 0.550), ctime: 888.8855ms (145ns per bit)
[eh-ac] [ctx:  8, align: 3 cache: 22] csize: 423101 (ratio 0.550), ctime: 960.722333ms (156ns per bit)
[eh-ac] [ctx:  8, align: 3 cache: 23] csize: 423101 (ratio 0.550), ctime: 955.6045ms (155ns per bit)
[eh-ac] [ctx:  8, align: 3 cache: 21] csize: 423101 (ratio 0.550), ctime: 642.415542ms (104ns per bit)
[eh-ac] [ctx:  8, align: 3 cache: 24] csize: 423101 (ratio 0.550), ctime: 865.393084ms (141ns per bit)
-> fastest: 423101 in 642.415542ms (104ns per bit) for [ctx: 8, align: 3, cache: 21]
[eh-ac] [ctx:  9, align: 3 cache:  9] csize: 395997 (ratio 0.515), ctime: 671.695125ms (109ns per bit)
[eh-ac] [ctx:  9, align: 3 cache: 10] csize: 395997 (ratio 0.515), ctime: 676.796084ms (110ns per bit)
[eh-ac] [ctx:  9, align: 3 cache: 11] csize: 395997 (ratio 0.515), ctime: 702.725208ms (114ns per bit)
[eh-ac] [ctx:  9, align: 3 cache: 12] csize: 395997 (ratio 0.515), ctime: 715.858ms (116ns per bit)
[eh-ac] [ctx:  9, align: 3 cache: 14] csize: 395997 (ratio 0.515), ctime: 763.408291ms (124ns per bit)
[eh-ac] [ctx:  9, align: 3 cache: 13] csize: 395997 (ratio 0.515), ctime: 792.382542ms (129ns per bit)
[eh-ac] [ctx:  9, align: 3 cache: 16] csize: 395997 (ratio 0.515), ctime: 799.098375ms (130ns per bit)
[eh-ac] [ctx:  9, align: 3 cache:  0] csize: 395997 (ratio 0.515), ctime: 823.933ms (134ns per bit)
[eh-ac] [ctx:  9, align: 3 cache:  8] csize: 395997 (ratio 0.515), ctime: 678.723833ms (110ns per bit)
[eh-ac] [ctx:  9, align: 3 cache: 18] csize: 395997 (ratio 0.515), ctime: 797.438ms (130ns per bit)
[eh-ac] [ctx:  9, align: 3 cache: 20] csize: 395997 (ratio 0.515), ctime: 856.453125ms (139ns per bit)
[eh-ac] [ctx:  9, align: 3 cache: 15] csize: 395997 (ratio 0.515), ctime: 862.978208ms (140ns per bit)
[eh-ac] [ctx:  9, align: 3 cache: 21] csize: 395997 (ratio 0.515), ctime: 931.843416ms (152ns per bit)
[eh-ac] [ctx:  9, align: 3 cache: 17] csize: 395997 (ratio 0.515), ctime: 878.877625ms (143ns per bit)
[eh-ac] [ctx:  9, align: 3 cache: 22] csize: 395997 (ratio 0.515), ctime: 998.520834ms (162ns per bit)
[eh-ac] [ctx:  9, align: 3 cache: 23] csize: 395997 (ratio 0.515), ctime: 962.02575ms (156ns per bit)
[eh-ac] [ctx:  9, align: 3 cache: 19] csize: 395997 (ratio 0.515), ctime: 691.38925ms (112ns per bit)
[eh-ac] [ctx:  9, align: 3 cache: 24] csize: 395997 (ratio 0.515), ctime: 762.108917ms (124ns per bit)
-> fastest: 395997 in 671.695125ms (109ns per bit) for [ctx: 9, align: 3, cache: 9]
[eh-ac] [ctx: 10, align: 3 cache: 11] csize: 372546 (ratio 0.485), ctime: 716.344583ms (116ns per bit)
[eh-ac] [ctx: 10, align: 3 cache:  9] csize: 372546 (ratio 0.485), ctime: 733.645083ms (119ns per bit)
[eh-ac] [ctx: 10, align: 3 cache:  8] csize: 372546 (ratio 0.485), ctime: 766.681ms (125ns per bit)
[eh-ac] [ctx: 10, align: 3 cache: 21] csize: 372546 (ratio 0.485), ctime: 843.519417ms (137ns per bit)
[eh-ac] [ctx: 10, align: 3 cache: 16] csize: 372546 (ratio 0.485), ctime: 868.750584ms (141ns per bit)
[eh-ac] [ctx: 10, align: 3 cache: 20] csize: 372546 (ratio 0.485), ctime: 891.61825ms (145ns per bit)
[eh-ac] [ctx: 10, align: 3 cache: 22] csize: 372546 (ratio 0.485), ctime: 931.032542ms (151ns per bit)
[eh-ac] [ctx: 10, align: 3 cache:  0] csize: 372546 (ratio 0.485), ctime: 952.754541ms (155ns per bit)
[eh-ac] [ctx: 10, align: 3 cache: 10] csize: 372546 (ratio 0.485), ctime: 696.570584ms (113ns per bit)
[eh-ac] [ctx: 10, align: 3 cache: 12] csize: 372546 (ratio 0.485), ctime: 716.731625ms (117ns per bit)
[eh-ac] [ctx: 10, align: 3 cache: 23] csize: 372546 (ratio 0.485), ctime: 872.5415ms (142ns per bit)
[eh-ac] [ctx: 10, align: 3 cache: 13] csize: 372546 (ratio 0.485), ctime: 750.467958ms (122ns per bit)
[eh-ac] [ctx: 10, align: 3 cache: 18] csize: 372546 (ratio 0.485), ctime: 862.772083ms (140ns per bit)
[eh-ac] [ctx: 10, align: 3 cache: 17] csize: 372546 (ratio 0.485), ctime: 860.873167ms (140ns per bit)
[eh-ac] [ctx: 10, align: 3 cache: 24] csize: 372546 (ratio 0.485), ctime: 881.163042ms (143ns per bit)
[eh-ac] [ctx: 10, align: 3 cache: 19] csize: 372546 (ratio 0.485), ctime: 825.083583ms (134ns per bit)
[eh-ac] [ctx: 10, align: 3 cache: 14] csize: 372546 (ratio 0.485), ctime: 628.066541ms (102ns per bit)
[eh-ac] [ctx: 10, align: 3 cache: 15] csize: 372546 (ratio 0.485), ctime: 670.9855ms (109ns per bit)
-> fastest: 372546 in 628.066541ms (102ns per bit) for [ctx: 10, align: 3, cache: 14]
[eh-ac] [ctx: 11, align: 3 cache: 12] csize: 353992 (ratio 0.460), ctime: 727.551916ms (118ns per bit)
[eh-ac] [ctx: 11, align: 3 cache: 13] csize: 353992 (ratio 0.460), ctime: 753.750542ms (123ns per bit)
[eh-ac] [ctx: 11, align: 3 cache: 11] csize: 353992 (ratio 0.460), ctime: 759.681625ms (124ns per bit)
[eh-ac] [ctx: 11, align: 3 cache: 14] csize: 353992 (ratio 0.460), ctime: 760.672959ms (124ns per bit)
[eh-ac] [ctx: 11, align: 3 cache: 15] csize: 353992 (ratio 0.460), ctime: 804.513458ms (131ns per bit)
[eh-ac] [ctx: 11, align: 3 cache: 16] csize: 353992 (ratio 0.460), ctime: 852.679417ms (139ns per bit)
[eh-ac] [ctx: 11, align: 3 cache: 20] csize: 353992 (ratio 0.460), ctime: 882.219083ms (143ns per bit)
[eh-ac] [ctx: 11, align: 3 cache:  0] csize: 353992 (ratio 0.460), ctime: 1.115514458s (181ns per bit)
[eh-ac] [ctx: 11, align: 3 cache: 10] csize: 353992 (ratio 0.460), ctime: 797.540625ms (130ns per bit)
[eh-ac] [ctx: 11, align: 3 cache:  9] csize: 353992 (ratio 0.460), ctime: 872.565334ms (142ns per bit)
[eh-ac] [ctx: 11, align: 3 cache: 18] csize: 353992 (ratio 0.460), ctime: 910.394375ms (148ns per bit)
[eh-ac] [ctx: 11, align: 3 cache: 17] csize: 353992 (ratio 0.460), ctime: 915.560541ms (149ns per bit)
[eh-ac] [ctx: 11, align: 3 cache: 19] csize: 353992 (ratio 0.460), ctime: 926.124291ms (151ns per bit)
[eh-ac] [ctx: 11, align: 3 cache: 21] csize: 353992 (ratio 0.460), ctime: 880.212917ms (143ns per bit)
[eh-ac] [ctx: 11, align: 3 cache:  8] csize: 353992 (ratio 0.460), ctime: 932.645125ms (152ns per bit)
[eh-ac] [ctx: 11, align: 3 cache: 22] csize: 353992 (ratio 0.460), ctime: 785.692167ms (128ns per bit)
[eh-ac] [ctx: 11, align: 3 cache: 23] csize: 353992 (ratio 0.460), ctime: 652.983833ms (106ns per bit)
[eh-ac] [ctx: 11, align: 3 cache: 24] csize: 353992 (ratio 0.460), ctime: 629.09825ms (102ns per bit)
-> fastest: 353992 in 629.09825ms (102ns per bit) for [ctx: 11, align: 3, cache: 24]
[eh-ac] [ctx: 12, align: 3 cache: 16] csize: 333140 (ratio 0.433), ctime: 821.950125ms (134ns per bit)
[eh-ac] [ctx: 12, align: 3 cache: 11] csize: 333140 (ratio 0.433), ctime: 852.671583ms (139ns per bit)
[eh-ac] [ctx: 12, align: 3 cache: 18] csize: 333140 (ratio 0.433), ctime: 953.38525ms (155ns per bit)
[eh-ac] [ctx: 12, align: 3 cache: 20] csize: 333140 (ratio 0.433), ctime: 974.007833ms (158ns per bit)
[eh-ac] [ctx: 12, align: 3 cache:  9] csize: 333140 (ratio 0.433), ctime: 974.03575ms (158ns per bit)
[eh-ac] [ctx: 12, align: 3 cache:  8] csize: 333140 (ratio 0.433), ctime: 1.018476208s (166ns per bit)
[eh-ac] [ctx: 12, align: 3 cache: 22] csize: 333140 (ratio 0.433), ctime: 1.025175083s (167ns per bit)
[eh-ac] [ctx: 12, align: 3 cache:  0] csize: 333140 (ratio 0.433), ctime: 1.179151917s (192ns per bit)
[eh-ac] [ctx: 12, align: 3 cache: 12] csize: 333140 (ratio 0.433), ctime: 810.627208ms (132ns per bit)
[eh-ac] [ctx: 12, align: 3 cache: 17] csize: 333140 (ratio 0.433), ctime: 902.010167ms (147ns per bit)
[eh-ac] [ctx: 12, align: 3 cache: 13] csize: 333140 (ratio 0.433), ctime: 763.715416ms (124ns per bit)
[eh-ac] [ctx: 12, align: 3 cache: 10] csize: 333140 (ratio 0.433), ctime: 882.685958ms (144ns per bit)
[eh-ac] [ctx: 12, align: 3 cache: 19] csize: 333140 (ratio 0.433), ctime: 975.818167ms (159ns per bit)
[eh-ac] [ctx: 12, align: 3 cache: 21] csize: 333140 (ratio 0.433), ctime: 1.017844334s (165ns per bit)
[eh-ac] [ctx: 12, align: 3 cache: 23] csize: 333140 (ratio 0.433), ctime: 1.00132175s (163ns per bit)
[eh-ac] [ctx: 12, align: 3 cache: 24] csize: 333140 (ratio 0.433), ctime: 973.792958ms (158ns per bit)
[eh-ac] [ctx: 12, align: 3 cache: 14] csize: 333140 (ratio 0.433), ctime: 633.466ms (103ns per bit)
[eh-ac] [ctx: 12, align: 3 cache: 15] csize: 333140 (ratio 0.433), ctime: 623.241833ms (101ns per bit)
-> fastest: 333140 in 623.241833ms (101ns per bit) for [ctx: 12, align: 3, cache: 15]
[eh-ac] [ctx: 13, align: 3 cache: 16] csize: 318059 (ratio 0.414), ctime: 783.820833ms (127ns per bit)
[eh-ac] [ctx: 13, align: 3 cache: 11] csize: 318059 (ratio 0.414), ctime: 946.012417ms (154ns per bit)
[eh-ac] [ctx: 13, align: 3 cache: 20] csize: 318059 (ratio 0.414), ctime: 998.271042ms (162ns per bit)
[eh-ac] [ctx: 13, align: 3 cache: 22] csize: 318059 (ratio 0.414), ctime: 1.034695s (168ns per bit)
[eh-ac] [ctx: 13, align: 3 cache: 21] csize: 318059 (ratio 0.414), ctime: 1.052233042s (171ns per bit)
[eh-ac] [ctx: 13, align: 3 cache:  9] csize: 318059 (ratio 0.414), ctime: 1.063863041s (173ns per bit)
[eh-ac] [ctx: 13, align: 3 cache:  8] csize: 318059 (ratio 0.414), ctime: 1.136030583s (185ns per bit)
[eh-ac] [ctx: 13, align: 3 cache:  0] csize: 318059 (ratio 0.414), ctime: 1.326338708s (216ns per bit)
[eh-ac] [ctx: 13, align: 3 cache: 17] csize: 318059 (ratio 0.414), ctime: 893.563375ms (145ns per bit)
[eh-ac] [ctx: 13, align: 3 cache: 12] csize: 318059 (ratio 0.414), ctime: 899.207084ms (146ns per bit)
[eh-ac] [ctx: 13, align: 3 cache: 14] csize: 318059 (ratio 0.414), ctime: 793.322834ms (129ns per bit)
[eh-ac] [ctx: 13, align: 3 cache: 13] csize: 318059 (ratio 0.414), ctime: 862.713333ms (140ns per bit)
[eh-ac] [ctx: 13, align: 3 cache: 18] csize: 318059 (ratio 0.414), ctime: 910.990375ms (148ns per bit)
[eh-ac] [ctx: 13, align: 3 cache: 23] csize: 318059 (ratio 0.414), ctime: 1.021975542s (166ns per bit)
[eh-ac] [ctx: 13, align: 3 cache: 10] csize: 318059 (ratio 0.414), ctime: 996.561958ms (162ns per bit)
[eh-ac] [ctx: 13, align: 3 cache: 15] csize: 318059 (ratio 0.414), ctime: 759.777666ms (124ns per bit)
[eh-ac] [ctx: 13, align: 3 cache: 19] csize: 318059 (ratio 0.414), ctime: 794.073834ms (129ns per bit)
[eh-ac] [ctx: 13, align: 3 cache: 24] csize: 318059 (ratio 0.414), ctime: 773.121459ms (126ns per bit)
-> fastest: 318059 in 759.777666ms (124ns per bit) for [ctx: 13, align: 3, cache: 15]
[eh-ac] [ctx: 14, align: 3 cache: 16] csize: 304496 (ratio 0.396), ctime: 812.062083ms (132ns per bit)
[eh-ac] [ctx: 14, align: 3 cache: 17] csize: 304496 (ratio 0.396), ctime: 848.785167ms (138ns per bit)
[eh-ac] [ctx: 14, align: 3 cache: 18] csize: 304496 (ratio 0.396), ctime: 856.100958ms (139ns per bit)
[eh-ac] [ctx: 14, align: 3 cache: 19] csize: 304496 (ratio 0.396), ctime: 945.788875ms (154ns per bit)
[eh-ac] [ctx: 14, align: 3 cache: 20] csize: 304496 (ratio 0.396), ctime: 989.948167ms (161ns per bit)
[eh-ac] [ctx: 14, align: 3 cache: 22] csize: 304496 (ratio 0.396), ctime: 1.0710355s (174ns per bit)
[eh-ac] [ctx: 14, align: 3 cache: 11] csize: 304496 (ratio 0.396), ctime: 1.0750435s (175ns per bit)
[eh-ac] [ctx: 14, align: 3 cache:  0] csize: 304496 (ratio 0.396), ctime: 1.443801459s (235ns per bit)
[eh-ac] [ctx: 14, align: 3 cache: 13] csize: 304496 (ratio 0.396), ctime: 949.638542ms (154ns per bit)
[eh-ac] [ctx: 14, align: 3 cache: 21] csize: 304496 (ratio 0.396), ctime: 1.051650041s (171ns per bit)
[eh-ac] [ctx: 14, align: 3 cache:  9] csize: 304496 (ratio 0.396), ctime: 1.193765292s (194ns per bit)
[eh-ac] [ctx: 14, align: 3 cache: 10] csize: 304496 (ratio 0.396), ctime: 1.1232195s (183ns per bit)
[eh-ac] [ctx: 14, align: 3 cache: 12] csize: 304496 (ratio 0.396), ctime: 1.02386275s (166ns per bit)
[eh-ac] [ctx: 14, align: 3 cache:  8] csize: 304496 (ratio 0.396), ctime: 1.266084875s (206ns per bit)
[eh-ac] [ctx: 14, align: 3 cache: 23] csize: 304496 (ratio 0.396), ctime: 1.1091115s (180ns per bit)
[eh-ac] [ctx: 14, align: 3 cache: 14] csize: 304496 (ratio 0.396), ctime: 837.260875ms (136ns per bit)
[eh-ac] [ctx: 14, align: 3 cache: 15] csize: 304496 (ratio 0.396), ctime: 730.051458ms (119ns per bit)
[eh-ac] [ctx: 14, align: 3 cache: 24] csize: 304496 (ratio 0.396), ctime: 826.575458ms (134ns per bit)
-> fastest: 304496 in 730.051458ms (119ns per bit) for [ctx: 14, align: 3, cache: 15]
[eh-ac] [ctx: 15, align: 3 cache: 16] csize: 291451 (ratio 0.379), ctime: 908.201833ms (148ns per bit)
[eh-ac] [ctx: 15, align: 3 cache: 20] csize: 291451 (ratio 0.379), ctime: 974.321584ms (158ns per bit)
[eh-ac] [ctx: 15, align: 3 cache: 13] csize: 291451 (ratio 0.379), ctime: 1.072691792s (174ns per bit)
[eh-ac] [ctx: 15, align: 3 cache: 11] csize: 291451 (ratio 0.379), ctime: 1.197222167s (195ns per bit)
[eh-ac] [ctx: 15, align: 3 cache: 10] csize: 291451 (ratio 0.379), ctime: 1.263832s (205ns per bit)
[eh-ac] [ctx: 15, align: 3 cache:  9] csize: 291451 (ratio 0.379), ctime: 1.311755708s (213ns per bit)
[eh-ac] [ctx: 15, align: 3 cache:  8] csize: 291451 (ratio 0.379), ctime: 1.376888583s (224ns per bit)
[eh-ac] [ctx: 15, align: 3 cache:  0] csize: 291451 (ratio 0.379), ctime: 1.58050175s (257ns per bit)
[eh-ac] [ctx: 15, align: 3 cache: 17] csize: 291451 (ratio 0.379), ctime: 880.331ms (143ns per bit)
[eh-ac] [ctx: 15, align: 3 cache: 21] csize: 291451 (ratio 0.379), ctime: 1.07047075s (174ns per bit)
[eh-ac] [ctx: 15, align: 3 cache: 14] csize: 291451 (ratio 0.379), ctime: 1.018748291s (166ns per bit)
[eh-ac] [ctx: 15, align: 3 cache: 18] csize: 291451 (ratio 0.379), ctime: 874.313542ms (142ns per bit)
[eh-ac] [ctx: 15, align: 3 cache: 12] csize: 291451 (ratio 0.379), ctime: 1.112178541s (181ns per bit)
[eh-ac] [ctx: 15, align: 3 cache: 22] csize: 291451 (ratio 0.379), ctime: 1.080223333s (176ns per bit)
[eh-ac] [ctx: 15, align: 3 cache: 23] csize: 291451 (ratio 0.379), ctime: 1.123144375s (183ns per bit)
[eh-ac] [ctx: 15, align: 3 cache: 15] csize: 291451 (ratio 0.379), ctime: 848.642583ms (138ns per bit)
[eh-ac] [ctx: 15, align: 3 cache: 24] csize: 291451 (ratio 0.379), ctime: 1.061367167s (173ns per bit)
[eh-ac] [ctx: 15, align: 3 cache: 19] csize: 291451 (ratio 0.379), ctime: 760.812833ms (124ns per bit)
-> fastest: 291451 in 760.812833ms (124ns per bit) for [ctx: 15, align: 3, cache: 19]
[eh-ac] [ctx: 16, align: 3 cache: 18] csize: 280621 (ratio 0.365), ctime: 925.319083ms (150ns per bit)
[eh-ac] [ctx: 16, align: 3 cache: 20] csize: 280621 (ratio 0.365), ctime: 948.035917ms (154ns per bit)
[eh-ac] [ctx: 16, align: 3 cache: 17] csize: 280621 (ratio 0.365), ctime: 947.549667ms (154ns per bit)
[eh-ac] [ctx: 16, align: 3 cache: 16] csize: 280621 (ratio 0.365), ctime: 1.017577833s (165ns per bit)
[eh-ac] [ctx: 16, align: 3 cache: 11] csize: 280621 (ratio 0.365), ctime: 1.34532125s (219ns per bit)
[eh-ac] [ctx: 16, align: 3 cache: 10] csize: 280621 (ratio 0.365), ctime: 1.38677325s (225ns per bit)
[eh-ac] [ctx: 16, align: 3 cache:  9] csize: 280621 (ratio 0.365), ctime: 1.4592755s (237ns per bit)
[eh-ac] [ctx: 16, align: 3 cache:  0] csize: 280621 (ratio 0.365), ctime: 1.743862416s (284ns per bit)
[eh-ac] [ctx: 16, align: 3 cache: 19] csize: 280621 (ratio 0.365), ctime: 939.511542ms (153ns per bit)
[eh-ac] [ctx: 16, align: 3 cache: 21] csize: 280621 (ratio 0.365), ctime: 1.004581416s (163ns per bit)
[eh-ac] [ctx: 16, align: 3 cache: 22] csize: 280621 (ratio 0.365), ctime: 1.046681541s (170ns per bit)
[eh-ac] [ctx: 16, align: 3 cache: 13] csize: 280621 (ratio 0.365), ctime: 1.196907709s (195ns per bit)
[eh-ac] [ctx: 16, align: 3 cache: 23] csize: 280621 (ratio 0.365), ctime: 1.081556667s (176ns per bit)
[eh-ac] [ctx: 16, align: 3 cache: 12] csize: 280621 (ratio 0.365), ctime: 1.225070458s (199ns per bit)
[eh-ac] [ctx: 16, align: 3 cache: 14] csize: 280621 (ratio 0.365), ctime: 1.015269833s (165ns per bit)
[eh-ac] [ctx: 16, align: 3 cache:  8] csize: 280621 (ratio 0.365), ctime: 1.420636583s (231ns per bit)
[eh-ac] [ctx: 16, align: 3 cache: 24] csize: 280621 (ratio 0.365), ctime: 1.0129455s (165ns per bit)
[eh-ac] [ctx: 16, align: 3 cache: 15] csize: 280621 (ratio 0.365), ctime: 934.785833ms (152ns per bit)
-> fastest: 280621 in 925.319083ms (150ns per bit) for [ctx: 16, align: 3, cache: 18]
[eh-ac] [ctx: 17, align: 3 cache: 20] csize: 272974 (ratio 0.355), ctime: 1.008258833s (164ns per bit)
[eh-ac] [ctx: 17, align: 3 cache: 19] csize: 272974 (ratio 0.355), ctime: 1.01112525s (164ns per bit)
[eh-ac] [ctx: 17, align: 3 cache: 21] csize: 272974 (ratio 0.355), ctime: 1.017691958s (165ns per bit)
[eh-ac] [ctx: 17, align: 3 cache: 18] csize: 272974 (ratio 0.355), ctime: 1.048143417s (170ns per bit)
[eh-ac] [ctx: 17, align: 3 cache: 22] csize: 272974 (ratio 0.355), ctime: 1.051129125s (171ns per bit)
[eh-ac] [ctx: 17, align: 3 cache: 23] csize: 272974 (ratio 0.355), ctime: 1.130277917s (184ns per bit)
[eh-ac] [ctx: 17, align: 3 cache: 16] csize: 272974 (ratio 0.355), ctime: 1.155561208s (188ns per bit)
[eh-ac] [ctx: 17, align: 3 cache:  0] csize: 272974 (ratio 0.355), ctime: 1.863776708s (303ns per bit)
[eh-ac] [ctx: 17, align: 3 cache: 17] csize: 272974 (ratio 0.355), ctime: 1.095690292s (178ns per bit)
[eh-ac] [ctx: 17, align: 3 cache: 24] csize: 272974 (ratio 0.355), ctime: 1.162053125s (189ns per bit)
[eh-ac] [ctx: 17, align: 3 cache: 13] csize: 272974 (ratio 0.355), ctime: 1.311135666s (213ns per bit)
[eh-ac] [ctx: 17, align: 3 cache: 14] csize: 272974 (ratio 0.355), ctime: 1.257507375s (204ns per bit)
[eh-ac] [ctx: 17, align: 3 cache: 11] csize: 272974 (ratio 0.355), ctime: 1.462664042s (238ns per bit)
[eh-ac] [ctx: 17, align: 3 cache: 12] csize: 272974 (ratio 0.355), ctime: 1.374608042s (224ns per bit)
[eh-ac] [ctx: 17, align: 3 cache:  9] csize: 272974 (ratio 0.355), ctime: 1.557162542s (253ns per bit)
[eh-ac] [ctx: 17, align: 3 cache: 15] csize: 272974 (ratio 0.355), ctime: 1.000436583s (163ns per bit)
[eh-ac] [ctx: 17, align: 3 cache:  8] csize: 272974 (ratio 0.355), ctime: 1.408984583s (229ns per bit)
[eh-ac] [ctx: 17, align: 3 cache: 10] csize: 272974 (ratio 0.355), ctime: 1.218596167s (198ns per bit)
-> fastest: 272974 in 1.000436583s (163ns per bit) for [ctx: 17, align: 3, cache: 15]
[eh-ac] [ctx: 18, align: 3 cache: 16] csize: 267552 (ratio 0.348), ctime: 1.262771834s (205ns per bit)
[eh-ac] [ctx: 18, align: 3 cache: 14] csize: 267552 (ratio 0.348), ctime: 1.37685625s (224ns per bit)
[eh-ac] [ctx: 18, align: 3 cache: 13] csize: 267552 (ratio 0.348), ctime: 1.45914475s (237ns per bit)
[eh-ac] [ctx: 18, align: 3 cache: 12] csize: 267552 (ratio 0.348), ctime: 1.53273075s (249ns per bit)
[eh-ac] [ctx: 18, align: 3 cache: 11] csize: 267552 (ratio 0.348), ctime: 1.585817667s (258ns per bit)
[eh-ac] [ctx: 18, align: 3 cache:  9] csize: 267552 (ratio 0.348), ctime: 1.73560775s (282ns per bit)
[eh-ac] [ctx: 18, align: 3 cache:  8] csize: 267552 (ratio 0.348), ctime: 1.832795084s (298ns per bit)
[eh-ac] [ctx: 18, align: 3 cache:  0] csize: 267552 (ratio 0.348), ctime: 1.995043375s (324ns per bit)
[eh-ac] [ctx: 18, align: 3 cache: 17] csize: 267552 (ratio 0.348), ctime: 1.22400475s (199ns per bit)
[eh-ac] [ctx: 18, align: 3 cache: 20] csize: 267552 (ratio 0.348), ctime: 1.091791916s (178ns per bit)
[eh-ac] [ctx: 18, align: 3 cache: 18] csize: 267552 (ratio 0.348), ctime: 1.176859959s (191ns per bit)
[eh-ac] [ctx: 18, align: 3 cache: 15] csize: 267552 (ratio 0.348), ctime: 1.345771541s (219ns per bit)
[eh-ac] [ctx: 18, align: 3 cache: 22] csize: 267552 (ratio 0.348), ctime: 1.077853792s (175ns per bit)
[eh-ac] [ctx: 18, align: 3 cache: 23] csize: 267552 (ratio 0.348), ctime: 1.067070666s (174ns per bit)
[eh-ac] [ctx: 18, align: 3 cache: 24] csize: 267552 (ratio 0.348), ctime: 1.076991416s (175ns per bit)
[eh-ac] [ctx: 18, align: 3 cache: 10] csize: 267552 (ratio 0.348), ctime: 1.576305625s (256ns per bit)
[eh-ac] [ctx: 18, align: 3 cache: 21] csize: 267552 (ratio 0.348), ctime: 866.246583ms (141ns per bit)
[eh-ac] [ctx: 18, align: 3 cache: 19] csize: 267552 (ratio 0.348), ctime: 886.26325ms (144ns per bit)
-> fastest: 267552 in 866.246583ms (141ns per bit) for [ctx: 18, align: 3, cache: 21]
[eh-ac] [ctx: 19, align: 3 cache: 22] csize: 264450 (ratio 0.344), ctime: 1.133066083s (184ns per bit)
[eh-ac] [ctx: 19, align: 3 cache: 20] csize: 264450 (ratio 0.344), ctime: 1.216818042s (198ns per bit)
[eh-ac] [ctx: 19, align: 3 cache: 16] csize: 264450 (ratio 0.344), ctime: 1.433257167s (233ns per bit)
[eh-ac] [ctx: 19, align: 3 cache: 14] csize: 264450 (ratio 0.344), ctime: 1.527820166s (248ns per bit)
[eh-ac] [ctx: 19, align: 3 cache: 13] csize: 264450 (ratio 0.344), ctime: 1.598583667s (260ns per bit)
[eh-ac] [ctx: 19, align: 3 cache: 11] csize: 264450 (ratio 0.344), ctime: 1.7647215s (287ns per bit)
[eh-ac] [ctx: 19, align: 3 cache:  9] csize: 264450 (ratio 0.344), ctime: 1.912161875s (311ns per bit)
[eh-ac] [ctx: 19, align: 3 cache:  0] csize: 264450 (ratio 0.344), ctime: 2.183736875s (355ns per bit)
[eh-ac] [ctx: 19, align: 3 cache: 23] csize: 264450 (ratio 0.344), ctime: 1.137121291s (185ns per bit)
[eh-ac] [ctx: 19, align: 3 cache: 21] csize: 264450 (ratio 0.344), ctime: 1.215208584s (198ns per bit)
[eh-ac] [ctx: 19, align: 3 cache: 17] csize: 264450 (ratio 0.344), ctime: 1.39642075s (227ns per bit)
[eh-ac] [ctx: 19, align: 3 cache: 15] csize: 264450 (ratio 0.344), ctime: 1.477189667s (240ns per bit)
[eh-ac] [ctx: 19, align: 3 cache: 24] csize: 264450 (ratio 0.344), ctime: 1.113586791s (181ns per bit)
[eh-ac] [ctx: 19, align: 3 cache: 12] csize: 264450 (ratio 0.344), ctime: 1.646802916s (268ns per bit)
[eh-ac] [ctx: 19, align: 3 cache:  8] csize: 264450 (ratio 0.344), ctime: 1.876493417s (305ns per bit)
[eh-ac] [ctx: 19, align: 3 cache: 18] csize: 264450 (ratio 0.344), ctime: 1.210716625s (197ns per bit)
[eh-ac] [ctx: 19, align: 3 cache: 19] csize: 264450 (ratio 0.344), ctime: 1.132611834s (184ns per bit)
[eh-ac] [ctx: 19, align: 3 cache: 10] csize: 264450 (ratio 0.344), ctime: 1.703425583s (277ns per bit)
-> fastest: 264450 in 1.113586791s (181ns per bit) for [ctx: 19, align: 3, cache: 24]
[eh-ac] [ctx: 20, align: 3 cache: 20] csize: 262871 (ratio 0.342), ctime: 1.408931792s (229ns per bit)
[eh-ac] [ctx: 20, align: 3 cache: 16] csize: 262871 (ratio 0.342), ctime: 1.604372833s (261ns per bit)
[eh-ac] [ctx: 20, align: 3 cache: 13] csize: 262871 (ratio 0.342), ctime: 1.803904417s (293ns per bit)
[eh-ac] [ctx: 20, align: 3 cache: 11] csize: 262871 (ratio 0.342), ctime: 1.975494667s (321ns per bit)
[eh-ac] [ctx: 20, align: 3 cache: 10] csize: 262871 (ratio 0.342), ctime: 2.004687334s (326ns per bit)
[eh-ac] [ctx: 20, align: 3 cache:  9] csize: 262871 (ratio 0.342), ctime: 2.065160875s (336ns per bit)
[eh-ac] [ctx: 20, align: 3 cache:  8] csize: 262871 (ratio 0.342), ctime: 2.175339167s (354ns per bit)
[eh-ac] [ctx: 20, align: 3 cache:  0] csize: 262871 (ratio 0.342), ctime: 2.351754958s (382ns per bit)
[eh-ac] [ctx: 20, align: 3 cache: 21] csize: 262871 (ratio 0.342), ctime: 1.358920708s (221ns per bit)
[eh-ac] [ctx: 20, align: 3 cache: 17] csize: 262871 (ratio 0.342), ctime: 1.590695542s (259ns per bit)
[eh-ac] [ctx: 20, align: 3 cache: 22] csize: 262871 (ratio 0.342), ctime: 1.344868292s (219ns per bit)
[eh-ac] [ctx: 20, align: 3 cache: 14] csize: 262871 (ratio 0.342), ctime: 1.769727916s (288ns per bit)
[eh-ac] [ctx: 20, align: 3 cache: 18] csize: 262871 (ratio 0.342), ctime: 1.515646375s (246ns per bit)
[eh-ac] [ctx: 20, align: 3 cache: 19] csize: 262871 (ratio 0.342), ctime: 1.476275792s (240ns per bit)
[eh-ac] [ctx: 20, align: 3 cache: 23] csize: 262871 (ratio 0.342), ctime: 1.308149166s (213ns per bit)
[eh-ac] [ctx: 20, align: 3 cache: 12] csize: 262871 (ratio 0.342), ctime: 1.8440615s (300ns per bit)
[eh-ac] [ctx: 20, align: 3 cache: 24] csize: 262871 (ratio 0.342), ctime: 979.296333ms (159ns per bit)
[eh-ac] [ctx: 20, align: 3 cache: 15] csize: 262871 (ratio 0.342), ctime: 1.434127667s (233ns per bit)
-> fastest: 262871 in 979.296333ms (159ns per bit) for [ctx: 20, align: 3, cache: 24]
[eh-ac] [ctx: 21, align: 3 cache: 22] csize: 263687 (ratio 0.343), ctime: 1.512390625s (246ns per bit)
[eh-ac] [ctx: 21, align: 3 cache: 20] csize: 263687 (ratio 0.343), ctime: 1.641064125s (267ns per bit)
[eh-ac] [ctx: 21, align: 3 cache: 18] csize: 263687 (ratio 0.343), ctime: 1.698553708s (276ns per bit)
[eh-ac] [ctx: 21, align: 3 cache: 19] csize: 263687 (ratio 0.343), ctime: 1.712546208s (278ns per bit)
[eh-ac] [ctx: 21, align: 3 cache: 17] csize: 263687 (ratio 0.343), ctime: 1.767131584s (287ns per bit)
[eh-ac] [ctx: 21, align: 3 cache: 16] csize: 263687 (ratio 0.343), ctime: 1.881836375s (306ns per bit)
[eh-ac] [ctx: 21, align: 3 cache: 11] csize: 263687 (ratio 0.343), ctime: 2.188257791s (356ns per bit)
[eh-ac] [ctx: 21, align: 3 cache:  0] csize: 263687 (ratio 0.343), ctime: 2.583346333s (420ns per bit)
[eh-ac] [ctx: 21, align: 3 cache: 23] csize: 263687 (ratio 0.343), ctime: 1.506415417s (245ns per bit)
[eh-ac] [ctx: 21, align: 3 cache: 24] csize: 263687 (ratio 0.343), ctime: 1.482053542s (241ns per bit)
[eh-ac] [ctx: 21, align: 3 cache: 21] csize: 263687 (ratio 0.343), ctime: 1.593125791s (259ns per bit)
[eh-ac] [ctx: 21, align: 3 cache: 13] csize: 263687 (ratio 0.343), ctime: 1.988976875s (323ns per bit)
[eh-ac] [ctx: 21, align: 3 cache: 10] csize: 263687 (ratio 0.343), ctime: 2.190868208s (356ns per bit)
[eh-ac] [ctx: 21, align: 3 cache:  9] csize: 263687 (ratio 0.343), ctime: 2.288918875s (372ns per bit)
[eh-ac] [ctx: 21, align: 3 cache: 12] csize: 263687 (ratio 0.343), ctime: 2.00235s (326ns per bit)
[eh-ac] [ctx: 21, align: 3 cache:  8] csize: 263687 (ratio 0.343), ctime: 2.078443833s (338ns per bit)
[eh-ac] [ctx: 21, align: 3 cache: 14] csize: 263687 (ratio 0.343), ctime: 1.643596541s (267ns per bit)
[eh-ac] [ctx: 21, align: 3 cache: 15] csize: 263687 (ratio 0.343), ctime: 1.531932709s (249ns per bit)
-> fastest: 263687 in 1.482053542s (241ns per bit) for [ctx: 21, align: 3, cache: 24]
[eh-ac] [ctx: 22, align: 3 cache: 20] csize: 266589 (ratio 0.347), ctime: 1.782070667s (290ns per bit)
[eh-ac] [ctx: 22, align: 3 cache: 18] csize: 266589 (ratio 0.347), ctime: 1.821699792s (296ns per bit)
[eh-ac] [ctx: 22, align: 3 cache: 16] csize: 266589 (ratio 0.347), ctime: 2.020628833s (329ns per bit)
[eh-ac] [ctx: 22, align: 3 cache: 13] csize: 266589 (ratio 0.347), ctime: 2.179406792s (354ns per bit)
[eh-ac] [ctx: 22, align: 3 cache: 11] csize: 266589 (ratio 0.347), ctime: 2.363975958s (384ns per bit)
[eh-ac] [ctx: 22, align: 3 cache:  9] csize: 266589 (ratio 0.347), ctime: 2.469184292s (401ns per bit)
[eh-ac] [ctx: 22, align: 3 cache:  8] csize: 266589 (ratio 0.347), ctime: 2.55444625s (415ns per bit)
[eh-ac] [ctx: 22, align: 3 cache:  0] csize: 266589 (ratio 0.347), ctime: 2.772918667s (451ns per bit)
[eh-ac] [ctx: 22, align: 3 cache: 21] csize: 266589 (ratio 0.347), ctime: 1.784435708s (290ns per bit)
[eh-ac] [ctx: 22, align: 3 cache: 19] csize: 266589 (ratio 0.347), ctime: 1.827145583s (297ns per bit)
[eh-ac] [ctx: 22, align: 3 cache: 17] csize: 266589 (ratio 0.347), ctime: 1.970702167s (320ns per bit)
[eh-ac] [ctx: 22, align: 3 cache: 22] csize: 266589 (ratio 0.347), ctime: 1.697704042s (276ns per bit)
[eh-ac] [ctx: 22, align: 3 cache: 14] csize: 266589 (ratio 0.347), ctime: 2.150707208s (350ns per bit)
[eh-ac] [ctx: 22, align: 3 cache: 23] csize: 266589 (ratio 0.347), ctime: 1.651099s (268ns per bit)
[eh-ac] [ctx: 22, align: 3 cache: 12] csize: 266589 (ratio 0.347), ctime: 2.244229042s (365ns per bit)
[eh-ac] [ctx: 22, align: 3 cache: 10] csize: 266589 (ratio 0.347), ctime: 2.28206925s (371ns per bit)
[eh-ac] [ctx: 22, align: 3 cache: 24] csize: 266589 (ratio 0.347), ctime: 1.335892292s (217ns per bit)
[eh-ac] [ctx: 22, align: 3 cache: 15] csize: 266589 (ratio 0.347), ctime: 1.680432417s (273ns per bit)
-> fastest: 266589 in 1.335892292s (217ns per bit) for [ctx: 22, align: 3, cache: 24]
[eh-ac] [ctx: 23, align: 3 cache: 22] csize: 271523 (ratio 0.353), ctime: 1.871740209s (304ns per bit)
[eh-ac] [ctx: 23, align: 3 cache: 20] csize: 271523 (ratio 0.353), ctime: 1.996053416s (325ns per bit)
[eh-ac] [ctx: 23, align: 3 cache: 18] csize: 271523 (ratio 0.353), ctime: 2.0664575s (336ns per bit)
[eh-ac] [ctx: 23, align: 3 cache: 17] csize: 271523 (ratio 0.353), ctime: 2.1803635s (355ns per bit)
[eh-ac] [ctx: 23, align: 3 cache: 16] csize: 271523 (ratio 0.353), ctime: 2.231542375s (363ns per bit)
[eh-ac] [ctx: 23, align: 3 cache: 11] csize: 271523 (ratio 0.353), ctime: 2.52181775s (410ns per bit)
[eh-ac] [ctx: 23, align: 3 cache:  9] csize: 271523 (ratio 0.353), ctime: 2.723777542s (443ns per bit)
[eh-ac] [ctx: 23, align: 3 cache:  0] csize: 271523 (ratio 0.353), ctime: 2.963905917s (482ns per bit)
[eh-ac] [ctx: 23, align: 3 cache: 23] csize: 271523 (ratio 0.353), ctime: 1.894516209s (308ns per bit)
[eh-ac] [ctx: 23, align: 3 cache: 21] csize: 271523 (ratio 0.353), ctime: 1.94774125s (317ns per bit)
[eh-ac] [ctx: 23, align: 3 cache: 19] csize: 271523 (ratio 0.353), ctime: 2.047647458s (333ns per bit)
[eh-ac] [ctx: 23, align: 3 cache: 24] csize: 271523 (ratio 0.353), ctime: 1.819504833s (296ns per bit)
[eh-ac] [ctx: 23, align: 3 cache: 10] csize: 271523 (ratio 0.353), ctime: 2.638153458s (429ns per bit)
[eh-ac] [ctx: 23, align: 3 cache: 12] csize: 271523 (ratio 0.353), ctime: 2.463662292s (401ns per bit)
[eh-ac] [ctx: 23, align: 3 cache:  8] csize: 271523 (ratio 0.353), ctime: 2.770757916s (451ns per bit)
[eh-ac] [ctx: 23, align: 3 cache: 13] csize: 271523 (ratio 0.353), ctime: 2.359443042s (384ns per bit)
[eh-ac] [ctx: 23, align: 3 cache: 14] csize: 271523 (ratio 0.353), ctime: 1.96826875s (320ns per bit)
[eh-ac] [ctx: 23, align: 3 cache: 15] csize: 271523 (ratio 0.353), ctime: 1.85938025s (302ns per bit)
-> fastest: 271523 in 1.819504833s (296ns per bit) for [ctx: 23, align: 3, cache: 24]
[eh-ac] [ctx: 24, align: 3 cache: 22] csize: 278441 (ratio 0.362), ctime: 2.049546166s (333ns per bit)
[eh-ac] [ctx: 24, align: 3 cache: 20] csize: 278441 (ratio 0.362), ctime: 2.170155125s (353ns per bit)
[eh-ac] [ctx: 24, align: 3 cache: 16] csize: 278441 (ratio 0.362), ctime: 2.376314708s (386ns per bit)
[eh-ac] [ctx: 24, align: 3 cache: 11] csize: 278441 (ratio 0.362), ctime: 2.758924333s (449ns per bit)
[eh-ac] [ctx: 24, align: 3 cache: 10] csize: 278441 (ratio 0.362), ctime: 2.798163959s (455ns per bit)
[eh-ac] [ctx: 24, align: 3 cache:  9] csize: 278441 (ratio 0.362), ctime: 2.913949s (474ns per bit)
[eh-ac] [ctx: 24, align: 3 cache:  8] csize: 278441 (ratio 0.362), ctime: 3.02611925s (492ns per bit)
[eh-ac] [ctx: 24, align: 3 cache:  0] csize: 278441 (ratio 0.362), ctime: 3.16948475s (515ns per bit)
[eh-ac] [ctx: 24, align: 3 cache: 23] csize: 278441 (ratio 0.362), ctime: 2.167413791s (352ns per bit)
[eh-ac] [ctx: 24, align: 3 cache: 21] csize: 278441 (ratio 0.362), ctime: 2.280189958s (371ns per bit)
[eh-ac] [ctx: 24, align: 3 cache: 17] csize: 278441 (ratio 0.362), ctime: 2.421763292s (394ns per bit)
[eh-ac] [ctx: 24, align: 3 cache: 24] csize: 278441 (ratio 0.362), ctime: 2.081890916s (339ns per bit)
[eh-ac] [ctx: 24, align: 3 cache: 18] csize: 278441 (ratio 0.362), ctime: 2.303206791s (374ns per bit)
[eh-ac] [ctx: 24, align: 3 cache: 19] csize: 278441 (ratio 0.362), ctime: 2.279093667s (371ns per bit)
[eh-ac] [ctx: 24, align: 3 cache: 12] csize: 278441 (ratio 0.362), ctime: 2.663345416s (433ns per bit)
[eh-ac] [ctx: 24, align: 3 cache: 13] csize: 278441 (ratio 0.362), ctime: 2.496831417s (406ns per bit)
[eh-ac] [ctx: 24, align: 3 cache: 14] csize: 278441 (ratio 0.362), ctime: 2.11018775s (343ns per bit)
[eh-ac] [ctx: 24, align: 3 cache: 15] csize: 278441 (ratio 0.362), ctime: 1.9802715s (322ns per bit)
-> fastest: 278441 in 1.9802715s (322ns per bit) for [ctx: 24, align: 3, cache: 15]
[eh-ac] [ctx: 25, align: 3 cache: 20] csize: 287059 (ratio 0.373), ctime: 2.410569084s (392ns per bit)
[eh-ac] [ctx: 25, align: 3 cache: 18] csize: 287059 (ratio 0.373), ctime: 2.43600875s (396ns per bit)
[eh-ac] [ctx: 25, align: 3 cache: 19] csize: 287059 (ratio 0.373), ctime: 2.473380959s (402ns per bit)
[eh-ac] [ctx: 25, align: 3 cache: 16] csize: 287059 (ratio 0.373), ctime: 2.6367465s (429ns per bit)
[eh-ac] [ctx: 25, align: 3 cache: 11] csize: 287059 (ratio 0.373), ctime: 2.996976625s (487ns per bit)
[eh-ac] [ctx: 25, align: 3 cache:  9] csize: 287059 (ratio 0.373), ctime: 3.126101458s (508ns per bit)
[eh-ac] [ctx: 25, align: 3 cache:  8] csize: 287059 (ratio 0.373), ctime: 3.214380917s (523ns per bit)
[eh-ac] [ctx: 25, align: 3 cache:  0] csize: 287059 (ratio 0.373), ctime: 3.437155708s (559ns per bit)
[eh-ac] [ctx: 25, align: 3 cache: 21] csize: 287059 (ratio 0.373), ctime: 2.445542167s (398ns per bit)
[eh-ac] [ctx: 25, align: 3 cache: 17] csize: 287059 (ratio 0.373), ctime: 2.619898292s (426ns per bit)
[eh-ac] [ctx: 25, align: 3 cache: 13] csize: 287059 (ratio 0.373), ctime: 2.884500083s (469ns per bit)
[eh-ac] [ctx: 25, align: 3 cache: 10] csize: 287059 (ratio 0.373), ctime: 3.089580209s (502ns per bit)
[eh-ac] [ctx: 25, align: 3 cache: 22] csize: 287059 (ratio 0.373), ctime: 2.385087125s (388ns per bit)
[eh-ac] [ctx: 25, align: 3 cache: 15] csize: 287059 (ratio 0.373), ctime: 2.704960666s (440ns per bit)
[eh-ac] [ctx: 25, align: 3 cache: 14] csize: 287059 (ratio 0.373), ctime: 2.8004295s (455ns per bit)
[eh-ac] [ctx: 25, align: 3 cache: 12] csize: 287059 (ratio 0.373), ctime: 2.983310667s (485ns per bit)
[eh-ac] [ctx: 25, align: 3 cache: 23] csize: 287059 (ratio 0.373), ctime: 1.858865959s (302ns per bit)
[eh-ac] [ctx: 25, align: 3 cache: 24] csize: 287059 (ratio 0.373), ctime: 1.682022583s (273ns per bit)
-> fastest: 287059 in 1.682022583s (273ns per bit) for [ctx: 25, align: 3, cache: 24]
[eh-ac] [ctx: 26, align: 3 cache: 20] csize: 297275 (ratio 0.387), ctime: 2.953804917s (480ns per bit)
[eh-ac] [ctx: 26, align: 3 cache: 18] csize: 297275 (ratio 0.387), ctime: 3.001998625s (488ns per bit)
[eh-ac] [ctx: 26, align: 3 cache: 19] csize: 297275 (ratio 0.387), ctime: 3.067093875s (499ns per bit)
[eh-ac] [ctx: 26, align: 3 cache: 17] csize: 297275 (ratio 0.387), ctime: 3.0949345s (503ns per bit)
[eh-ac] [ctx: 26, align: 3 cache: 16] csize: 297275 (ratio 0.387), ctime: 3.126318833s (508ns per bit)
[eh-ac] [ctx: 26, align: 3 cache: 13] csize: 297275 (ratio 0.387), ctime: 3.370966375s (548ns per bit)
[eh-ac] [ctx: 26, align: 3 cache: 11] csize: 297275 (ratio 0.387), ctime: 3.583165375s (583ns per bit)
[eh-ac] [ctx: 26, align: 3 cache:  0] csize: 297275 (ratio 0.387), ctime: 3.962295709s (644ns per bit)
[eh-ac] [ctx: 26, align: 3 cache: 21] csize: 297275 (ratio 0.387), ctime: 2.612135958s (425ns per bit)
[eh-ac] [ctx: 26, align: 3 cache: 22] csize: 297275 (ratio 0.387), ctime: 2.547551292s (414ns per bit)
[eh-ac] [ctx: 26, align: 3 cache: 23] csize: 297275 (ratio 0.387), ctime: 2.485599417s (404ns per bit)
[eh-ac] [ctx: 26, align: 3 cache: 14] csize: 297275 (ratio 0.387), ctime: 3.022576417s (491ns per bit)
[eh-ac] [ctx: 26, align: 3 cache: 24] csize: 297275 (ratio 0.387), ctime: 2.461599167s (400ns per bit)
[eh-ac] [ctx: 26, align: 3 cache: 12] csize: 297275 (ratio 0.387), ctime: 3.08880925s (502ns per bit)
[eh-ac] [ctx: 26, align: 3 cache:  9] csize: 297275 (ratio 0.387), ctime: 3.292568792s (535ns per bit)
[eh-ac] [ctx: 26, align: 3 cache:  8] csize: 297275 (ratio 0.387), ctime: 3.118792875s (507ns per bit)
[eh-ac] [ctx: 26, align: 3 cache: 15] csize: 297275 (ratio 0.387), ctime: 2.245620375s (365ns per bit)
[eh-ac] [ctx: 26, align: 3 cache: 10] csize: 297275 (ratio 0.387), ctime: 2.511752916s (408ns per bit)
-> fastest: 297275 in 2.245620375s (365ns per bit) for [ctx: 26, align: 3, cache: 15]
--> gloabl best: 262871 in 979.296333ms (159ns per bit) for [ctx: 20, align: 3, cache: 24]
